13-Mar-2025 22:32:41.699 INFO [main] org.apache.catalina.startup.VersionLoggerListener.log Server version name:   Apache Tomcat/9.0.38
13-Mar-2025 22:32:41.705 INFO [main] org.apache.catalina.startup.VersionLoggerListener.log Server built:          Sep 10 2020 08:20:30 UTC
13-Mar-2025 22:32:41.705 INFO [main] org.apache.catalina.startup.VersionLoggerListener.log Server version number: 9.0.38.0
13-Mar-2025 22:32:41.705 INFO [main] org.apache.catalina.startup.VersionLoggerListener.log OS Name:               Windows 10
13-Mar-2025 22:32:41.705 INFO [main] org.apache.catalina.startup.VersionLoggerListener.log OS Version:            10.0
13-Mar-2025 22:32:41.705 INFO [main] org.apache.catalina.startup.VersionLoggerListener.log Architecture:          amd64
13-Mar-2025 22:32:41.705 INFO [main] org.apache.catalina.startup.VersionLoggerListener.log Java Home:             C:\Program Files\Java\jdk1.8.0_261\jre
13-Mar-2025 22:32:41.706 INFO [main] org.apache.catalina.startup.VersionLoggerListener.log JVM Version:           1.8.0_261-b12
13-Mar-2025 22:32:41.706 INFO [main] org.apache.catalina.startup.VersionLoggerListener.log JVM Vendor:            Oracle Corporation
13-Mar-2025 22:32:41.706 INFO [main] org.apache.catalina.startup.VersionLoggerListener.log CATALINA_BASE:         C:\Users\sujat\.SmartTomcat\xworkz_commonmodule_keerthi\xworkz_commonmodule_keerthi
13-Mar-2025 22:32:41.706 INFO [main] org.apache.catalina.startup.VersionLoggerListener.log CATALINA_HOME:         C:\Users\sujat\Downloads\apache-tomcat-9.0.38-windows-x64\apache-tomcat-9.0.38
13-Mar-2025 22:32:41.710 INFO [main] org.apache.catalina.startup.VersionLoggerListener.log Command line argument: -Dcatalina.home=C:\Users\sujat\Downloads\apache-tomcat-9.0.38-windows-x64\apache-tomcat-9.0.38
13-Mar-2025 22:32:41.710 INFO [main] org.apache.catalina.startup.VersionLoggerListener.log Command line argument: -Dcatalina.base=C:\Users\sujat\.SmartTomcat\xworkz_commonmodule_keerthi\xworkz_commonmodule_keerthi
13-Mar-2025 22:32:41.710 INFO [main] org.apache.catalina.startup.VersionLoggerListener.log Command line argument: -Djava.io.tmpdir=C:\Users\sujat\.SmartTomcat\xworkz_commonmodule_keerthi\xworkz_commonmodule_keerthi\temp
13-Mar-2025 22:32:41.710 INFO [main] org.apache.catalina.startup.VersionLoggerListener.log Command line argument: -Djava.util.logging.config.file=C:\Users\sujat\.SmartTomcat\xworkz_commonmodule_keerthi\xworkz_commonmodule_keerthi\conf\logging.properties
13-Mar-2025 22:32:41.710 INFO [main] org.apache.catalina.startup.VersionLoggerListener.log Command line argument: -Djava.util.logging.manager=org.apache.juli.ClassLoaderLogManager
13-Mar-2025 22:32:41.711 INFO [main] org.apache.catalina.startup.VersionLoggerListener.log Command line argument: -javaagent:C:\Users\sujat\Downloads\ideaIC-2024.1.4.win\lib\idea_rt.jar=58490:C:\Users\sujat\Downloads\ideaIC-2024.1.4.win\bin
13-Mar-2025 22:32:41.711 INFO [main] org.apache.catalina.startup.VersionLoggerListener.log Command line argument: -Dfile.encoding=UTF-8
13-Mar-2025 22:32:41.741 INFO [main] org.apache.catalina.core.AprLifecycleListener.lifecycleEvent Loaded Apache Tomcat Native library [1.2.25] using APR version [1.7.0].
13-Mar-2025 22:32:41.741 INFO [main] org.apache.catalina.core.AprLifecycleListener.lifecycleEvent APR capabilities: IPv6 [true], sendfile [true], accept filters [false], random [true].
13-Mar-2025 22:32:41.741 INFO [main] org.apache.catalina.core.AprLifecycleListener.lifecycleEvent APR/OpenSSL configuration: useAprConnector [false], useOpenSSL [true]
13-Mar-2025 22:32:41.762 INFO [main] org.apache.catalina.core.AprLifecycleListener.initializeSSL OpenSSL successfully initialized [OpenSSL 1.1.1g  21 Apr 2020]
13-Mar-2025 22:32:42.285 INFO [main] org.apache.coyote.AbstractProtocol.init Initializing ProtocolHandler ["http-nio-8080"]
13-Mar-2025 22:32:42.507 INFO [main] org.apache.catalina.startup.Catalina.load Server initialization in [1194] milliseconds
13-Mar-2025 22:32:42.547 INFO [main] org.apache.catalina.core.StandardService.startInternal Starting service [Catalina]
13-Mar-2025 22:32:42.547 INFO [main] org.apache.catalina.core.StandardEngine.startInternal Starting Servlet engine: [Apache Tomcat/9.0.38]
13-Mar-2025 22:32:42.561 INFO [main] org.apache.catalina.startup.HostConfig.deployDescriptor Deploying deployment descriptor [C:\Users\sujat\.SmartTomcat\xworkz_commonmodule_keerthi\xworkz_commonmodule_keerthi\conf\Catalina\localhost\xworkz_commonmodule_keerthi.xml]
13-Mar-2025 22:32:46.528 INFO [main] org.apache.jasper.servlet.TldScanner.scanJars At least one JAR was scanned for TLDs yet contained no TLDs. Enable debug logging for this logger for a complete list of JARs that were scanned but no TLDs were found in them. Skipping unneeded JARs during scanning can improve startup time and JSP compilation time.
13-Mar-2025 22:32:46.580 INFO [main] org.apache.catalina.startup.HostConfig.deployDescriptor Deployment of deployment descriptor [C:\Users\sujat\.SmartTomcat\xworkz_commonmodule_keerthi\xworkz_commonmodule_keerthi\conf\Catalina\localhost\xworkz_commonmodule_keerthi.xml] has finished in [4,019] ms
13-Mar-2025 22:32:46.584 INFO [main] org.apache.coyote.AbstractProtocol.start Starting ProtocolHandler ["http-nio-8080"]
13-Mar-2025 22:32:46.594 INFO [main] org.apache.catalina.startup.Catalina.start Server startup in [4085] milliseconds
13-Mar-2025 22:37:04.593 INFO [main] org.apache.catalina.startup.VersionLoggerListener.log Server version name:   Apache Tomcat/9.0.38
13-Mar-2025 22:37:04.596 INFO [main] org.apache.catalina.startup.VersionLoggerListener.log Server built:          Sep 10 2020 08:20:30 UTC
13-Mar-2025 22:37:04.596 INFO [main] org.apache.catalina.startup.VersionLoggerListener.log Server version number: 9.0.38.0
13-Mar-2025 22:37:04.596 INFO [main] org.apache.catalina.startup.VersionLoggerListener.log OS Name:               Windows 10
13-Mar-2025 22:37:04.596 INFO [main] org.apache.catalina.startup.VersionLoggerListener.log OS Version:            10.0
13-Mar-2025 22:37:04.596 INFO [main] org.apache.catalina.startup.VersionLoggerListener.log Architecture:          amd64
13-Mar-2025 22:37:04.596 INFO [main] org.apache.catalina.startup.VersionLoggerListener.log Java Home:             C:\Program Files\Java\jdk1.8.0_261\jre
13-Mar-2025 22:37:04.596 INFO [main] org.apache.catalina.startup.VersionLoggerListener.log JVM Version:           1.8.0_261-b12
13-Mar-2025 22:37:04.596 INFO [main] org.apache.catalina.startup.VersionLoggerListener.log JVM Vendor:            Oracle Corporation
13-Mar-2025 22:37:04.596 INFO [main] org.apache.catalina.startup.VersionLoggerListener.log CATALINA_BASE:         C:\Users\sujat\.SmartTomcat\xworkz_commonmodule_keerthi\xworkz_commonmodule_keerthi
13-Mar-2025 22:37:04.596 INFO [main] org.apache.catalina.startup.VersionLoggerListener.log CATALINA_HOME:         C:\Users\sujat\Downloads\apache-tomcat-9.0.38-windows-x64\apache-tomcat-9.0.38
13-Mar-2025 22:37:04.602 INFO [main] org.apache.catalina.startup.VersionLoggerListener.log Command line argument: -Dcatalina.home=C:\Users\sujat\Downloads\apache-tomcat-9.0.38-windows-x64\apache-tomcat-9.0.38
13-Mar-2025 22:37:04.602 INFO [main] org.apache.catalina.startup.VersionLoggerListener.log Command line argument: -Dcatalina.base=C:\Users\sujat\.SmartTomcat\xworkz_commonmodule_keerthi\xworkz_commonmodule_keerthi
13-Mar-2025 22:37:04.603 INFO [main] org.apache.catalina.startup.VersionLoggerListener.log Command line argument: -Djava.io.tmpdir=C:\Users\sujat\.SmartTomcat\xworkz_commonmodule_keerthi\xworkz_commonmodule_keerthi\temp
13-Mar-2025 22:37:04.603 INFO [main] org.apache.catalina.startup.VersionLoggerListener.log Command line argument: -Djava.util.logging.config.file=C:\Users\sujat\.SmartTomcat\xworkz_commonmodule_keerthi\xworkz_commonmodule_keerthi\conf\logging.properties
13-Mar-2025 22:37:04.603 INFO [main] org.apache.catalina.startup.VersionLoggerListener.log Command line argument: -Djava.util.logging.manager=org.apache.juli.ClassLoaderLogManager
13-Mar-2025 22:37:04.603 INFO [main] org.apache.catalina.startup.VersionLoggerListener.log Command line argument: -javaagent:C:\Users\sujat\Downloads\ideaIC-2024.1.4.win\lib\idea_rt.jar=58776:C:\Users\sujat\Downloads\ideaIC-2024.1.4.win\bin
13-Mar-2025 22:37:04.603 INFO [main] org.apache.catalina.startup.VersionLoggerListener.log Command line argument: -Dfile.encoding=UTF-8
13-Mar-2025 22:37:04.608 INFO [main] org.apache.catalina.core.AprLifecycleListener.lifecycleEvent Loaded Apache Tomcat Native library [1.2.25] using APR version [1.7.0].
13-Mar-2025 22:37:04.608 INFO [main] org.apache.catalina.core.AprLifecycleListener.lifecycleEvent APR capabilities: IPv6 [true], sendfile [true], accept filters [false], random [true].
13-Mar-2025 22:37:04.608 INFO [main] org.apache.catalina.core.AprLifecycleListener.lifecycleEvent APR/OpenSSL configuration: useAprConnector [false], useOpenSSL [true]
13-Mar-2025 22:37:04.615 INFO [main] org.apache.catalina.core.AprLifecycleListener.initializeSSL OpenSSL successfully initialized [OpenSSL 1.1.1g  21 Apr 2020]
13-Mar-2025 22:37:05.327 INFO [main] org.apache.coyote.AbstractProtocol.init Initializing ProtocolHandler ["http-nio-8080"]
13-Mar-2025 22:37:05.573 SEVERE [main] org.apache.catalina.util.LifecycleBase.handleSubClassException Failed to initialize component [Connector[HTTP/1.1-8080]]
	org.apache.catalina.LifecycleException: Protocol handler initialization failed
		at org.apache.catalina.connector.Connector.initInternal(Connector.java:1042)
		at org.apache.catalina.util.LifecycleBase.init(LifecycleBase.java:136)
		at org.apache.catalina.core.StandardService.initInternal(StandardService.java:533)
		at org.apache.catalina.util.LifecycleBase.init(LifecycleBase.java:136)
		at org.apache.catalina.core.StandardServer.initInternal(StandardServer.java:1057)
		at org.apache.catalina.util.LifecycleBase.init(LifecycleBase.java:136)
		at org.apache.catalina.startup.Catalina.load(Catalina.java:724)
		at org.apache.catalina.startup.Catalina.load(Catalina.java:746)
		at sun.reflect.NativeMethodAccessorImpl.invoke0(Native Method)
		at sun.reflect.NativeMethodAccessorImpl.invoke(NativeMethodAccessorImpl.java:62)
		at sun.reflect.DelegatingMethodAccessorImpl.invoke(DelegatingMethodAccessorImpl.java:43)
		at java.lang.reflect.Method.invoke(Method.java:498)
		at org.apache.catalina.startup.Bootstrap.load(Bootstrap.java:302)
		at org.apache.catalina.startup.Bootstrap.main(Bootstrap.java:472)
	Caused by: java.net.BindException: Address already in use: bind
		at sun.nio.ch.Net.bind0(Native Method)
		at sun.nio.ch.Net.bind(Net.java:444)
		at sun.nio.ch.Net.bind(Net.java:436)
		at sun.nio.ch.ServerSocketChannelImpl.bind(ServerSocketChannelImpl.java:225)
		at sun.nio.ch.ServerSocketAdaptor.bind(ServerSocketAdaptor.java:74)
		at org.apache.tomcat.util.net.NioEndpoint.initServerSocket(NioEndpoint.java:228)
		at org.apache.tomcat.util.net.NioEndpoint.bind(NioEndpoint.java:211)
		at org.apache.tomcat.util.net.AbstractEndpoint.bindWithCleanup(AbstractEndpoint.java:1141)
		at org.apache.tomcat.util.net.AbstractEndpoint.init(AbstractEndpoint.java:1154)
		at org.apache.coyote.AbstractProtocol.init(AbstractProtocol.java:581)
		at org.apache.coyote.http11.AbstractHttp11Protocol.init(AbstractHttp11Protocol.java:75)
		at org.apache.catalina.connector.Connector.initInternal(Connector.java:1039)
		... 13 more
13-Mar-2025 22:37:05.575 INFO [main] org.apache.catalina.startup.Catalina.load Server initialization in [1340] milliseconds
13-Mar-2025 22:37:05.611 INFO [main] org.apache.catalina.core.StandardService.startInternal Starting service [Catalina]
13-Mar-2025 22:37:05.611 INFO [main] org.apache.catalina.core.StandardEngine.startInternal Starting Servlet engine: [Apache Tomcat/9.0.38]
13-Mar-2025 22:37:05.622 INFO [main] org.apache.catalina.startup.HostConfig.deployDescriptor Deploying deployment descriptor [C:\Users\sujat\.SmartTomcat\xworkz_commonmodule_keerthi\xworkz_commonmodule_keerthi\conf\Catalina\localhost\xworkz_commonmodule_keerthi.xml]
13-Mar-2025 22:37:06.880 INFO [Catalina-utility-1] org.apache.catalina.startup.HostConfig.undeploy Undeploying context [/xworkz_commonmodule_keerthi]
13-Mar-2025 22:37:06.919 INFO [Catalina-utility-1] org.apache.catalina.startup.HostConfig.deployDescriptor Deploying deployment descriptor [C:\Users\sujat\.SmartTomcat\xworkz_commonmodule_keerthi\xworkz_commonmodule_keerthi\conf\Catalina\localhost\xworkz_commonmodule_keerthi.xml]
13-Mar-2025 22:37:10.108 INFO [main] org.apache.jasper.servlet.TldScanner.scanJars At least one JAR was scanned for TLDs yet contained no TLDs. Enable debug logging for this logger for a complete list of JARs that were scanned but no TLDs were found in them. Skipping unneeded JARs during scanning can improve startup time and JSP compilation time.
13-Mar-2025 22:37:10.180 INFO [main] org.apache.catalina.startup.HostConfig.deployDescriptor Deployment of deployment descriptor [C:\Users\sujat\.SmartTomcat\xworkz_commonmodule_keerthi\xworkz_commonmodule_keerthi\conf\Catalina\localhost\xworkz_commonmodule_keerthi.xml] has finished in [4,556] ms
13-Mar-2025 22:37:10.184 INFO [main] org.apache.catalina.startup.Catalina.start Server startup in [4609] milliseconds
13-Mar-2025 22:37:10.189 SEVERE [main] org.apache.catalina.core.StandardServer.await Failed to create server shutdown socket on address [localhost] and port [8005] (base port [8005] and offset [0])
	java.net.BindException: Address already in use: JVM_Bind
		at java.net.DualStackPlainSocketImpl.bind0(Native Method)
		at java.net.DualStackPlainSocketImpl.socketBind(DualStackPlainSocketImpl.java:102)
		at java.net.AbstractPlainSocketImpl.bind(AbstractPlainSocketImpl.java:513)
		at java.net.PlainSocketImpl.bind(PlainSocketImpl.java:180)
		at java.net.ServerSocket.bind(ServerSocket.java:375)
		at java.net.ServerSocket.<init>(ServerSocket.java:237)
		at org.apache.catalina.core.StandardServer.await(StandardServer.java:584)
		at org.apache.catalina.startup.Catalina.await(Catalina.java:864)
		at org.apache.catalina.startup.Catalina.start(Catalina.java:810)
		at sun.reflect.NativeMethodAccessorImpl.invoke0(Native Method)
		at sun.reflect.NativeMethodAccessorImpl.invoke(NativeMethodAccessorImpl.java:62)
		at sun.reflect.DelegatingMethodAccessorImpl.invoke(DelegatingMethodAccessorImpl.java:43)
		at java.lang.reflect.Method.invoke(Method.java:498)
		at org.apache.catalina.startup.Bootstrap.start(Bootstrap.java:342)
		at org.apache.catalina.startup.Bootstrap.main(Bootstrap.java:473)
13-Mar-2025 22:37:10.190 INFO [main] org.apache.coyote.AbstractProtocol.pause Pausing ProtocolHandler ["http-nio-8080"]
13-Mar-2025 22:37:10.191 INFO [main] org.apache.catalina.core.StandardService.stopInternal Stopping service [Catalina]
13-Mar-2025 22:37:10.204 INFO [main] org.apache.coyote.AbstractProtocol.stop Stopping ProtocolHandler ["http-nio-8080"]
13-Mar-2025 22:37:10.205 INFO [main] org.apache.coyote.AbstractProtocol.destroy Destroying ProtocolHandler ["http-nio-8080"]
13-Mar-2025 22:37:10.973 INFO [Catalina-utility-1] org.apache.jasper.servlet.TldScanner.scanJars At least one JAR was scanned for TLDs yet contained no TLDs. Enable debug logging for this logger for a complete list of JARs that were scanned but no TLDs were found in them. Skipping unneeded JARs during scanning can improve startup time and JSP compilation time.
13-Mar-2025 22:37:10.984 INFO [Catalina-utility-1] org.apache.catalina.startup.HostConfig.deployDescriptor Deployment of deployment descriptor [C:\Users\sujat\.SmartTomcat\xworkz_commonmodule_keerthi\xworkz_commonmodule_keerthi\conf\Catalina\localhost\xworkz_commonmodule_keerthi.xml] has finished in [4,065] ms
13-Mar-2025 22:38:09.478 INFO [main] org.apache.catalina.core.StandardServer.await A valid shutdown command was received via the shutdown port. Stopping the Server instance.
13-Mar-2025 22:38:09.479 INFO [main] org.apache.coyote.AbstractProtocol.pause Pausing ProtocolHandler ["http-nio-8080"]
13-Mar-2025 22:38:09.665 INFO [main] org.apache.catalina.core.StandardService.stopInternal Stopping service [Catalina]
13-Mar-2025 22:38:09.678 INFO [main] org.apache.coyote.AbstractProtocol.stop Stopping ProtocolHandler ["http-nio-8080"]
13-Mar-2025 22:38:09.711 INFO [main] org.apache.coyote.AbstractProtocol.destroy Destroying ProtocolHandler ["http-nio-8080"]
13-Mar-2025 22:38:20.515 INFO [main] org.apache.catalina.startup.VersionLoggerListener.log Server version name:   Apache Tomcat/9.0.38
13-Mar-2025 22:38:20.518 INFO [main] org.apache.catalina.startup.VersionLoggerListener.log Server built:          Sep 10 2020 08:20:30 UTC
13-Mar-2025 22:38:20.518 INFO [main] org.apache.catalina.startup.VersionLoggerListener.log Server version number: 9.0.38.0
13-Mar-2025 22:38:20.518 INFO [main] org.apache.catalina.startup.VersionLoggerListener.log OS Name:               Windows 10
13-Mar-2025 22:38:20.519 INFO [main] org.apache.catalina.startup.VersionLoggerListener.log OS Version:            10.0
13-Mar-2025 22:38:20.519 INFO [main] org.apache.catalina.startup.VersionLoggerListener.log Architecture:          amd64
13-Mar-2025 22:38:20.519 INFO [main] org.apache.catalina.startup.VersionLoggerListener.log Java Home:             C:\Program Files\Java\jdk1.8.0_261\jre
13-Mar-2025 22:38:20.519 INFO [main] org.apache.catalina.startup.VersionLoggerListener.log JVM Version:           1.8.0_261-b12
13-Mar-2025 22:38:20.519 INFO [main] org.apache.catalina.startup.VersionLoggerListener.log JVM Vendor:            Oracle Corporation
13-Mar-2025 22:38:20.519 INFO [main] org.apache.catalina.startup.VersionLoggerListener.log CATALINA_BASE:         C:\Users\sujat\.SmartTomcat\xworkz_commonmodule_keerthi\xworkz_commonmodule_keerthi
13-Mar-2025 22:38:20.519 INFO [main] org.apache.catalina.startup.VersionLoggerListener.log CATALINA_HOME:         C:\Users\sujat\Downloads\apache-tomcat-9.0.38-windows-x64\apache-tomcat-9.0.38
13-Mar-2025 22:38:20.524 INFO [main] org.apache.catalina.startup.VersionLoggerListener.log Command line argument: -Dcatalina.home=C:\Users\sujat\Downloads\apache-tomcat-9.0.38-windows-x64\apache-tomcat-9.0.38
13-Mar-2025 22:38:20.524 INFO [main] org.apache.catalina.startup.VersionLoggerListener.log Command line argument: -Dcatalina.base=C:\Users\sujat\.SmartTomcat\xworkz_commonmodule_keerthi\xworkz_commonmodule_keerthi
13-Mar-2025 22:38:20.524 INFO [main] org.apache.catalina.startup.VersionLoggerListener.log Command line argument: -Djava.io.tmpdir=C:\Users\sujat\.SmartTomcat\xworkz_commonmodule_keerthi\xworkz_commonmodule_keerthi\temp
13-Mar-2025 22:38:20.524 INFO [main] org.apache.catalina.startup.VersionLoggerListener.log Command line argument: -Djava.util.logging.config.file=C:\Users\sujat\.SmartTomcat\xworkz_commonmodule_keerthi\xworkz_commonmodule_keerthi\conf\logging.properties
13-Mar-2025 22:38:20.524 INFO [main] org.apache.catalina.startup.VersionLoggerListener.log Command line argument: -Djava.util.logging.manager=org.apache.juli.ClassLoaderLogManager
13-Mar-2025 22:38:20.524 INFO [main] org.apache.catalina.startup.VersionLoggerListener.log Command line argument: -javaagent:C:\Users\sujat\Downloads\ideaIC-2024.1.4.win\lib\idea_rt.jar=58833:C:\Users\sujat\Downloads\ideaIC-2024.1.4.win\bin
13-Mar-2025 22:38:20.524 INFO [main] org.apache.catalina.startup.VersionLoggerListener.log Command line argument: -Dfile.encoding=UTF-8
13-Mar-2025 22:38:20.531 INFO [main] org.apache.catalina.core.AprLifecycleListener.lifecycleEvent Loaded Apache Tomcat Native library [1.2.25] using APR version [1.7.0].
13-Mar-2025 22:38:20.531 INFO [main] org.apache.catalina.core.AprLifecycleListener.lifecycleEvent APR capabilities: IPv6 [true], sendfile [true], accept filters [false], random [true].
13-Mar-2025 22:38:20.531 INFO [main] org.apache.catalina.core.AprLifecycleListener.lifecycleEvent APR/OpenSSL configuration: useAprConnector [false], useOpenSSL [true]
13-Mar-2025 22:38:20.540 INFO [main] org.apache.catalina.core.AprLifecycleListener.initializeSSL OpenSSL successfully initialized [OpenSSL 1.1.1g  21 Apr 2020]
13-Mar-2025 22:38:21.130 INFO [main] org.apache.coyote.AbstractProtocol.init Initializing ProtocolHandler ["http-nio-8080"]
13-Mar-2025 22:38:21.413 INFO [main] org.apache.catalina.startup.Catalina.load Server initialization in [1221] milliseconds
13-Mar-2025 22:38:21.445 INFO [main] org.apache.catalina.core.StandardService.startInternal Starting service [Catalina]
13-Mar-2025 22:38:21.445 INFO [main] org.apache.catalina.core.StandardEngine.startInternal Starting Servlet engine: [Apache Tomcat/9.0.38]
13-Mar-2025 22:38:21.456 INFO [main] org.apache.catalina.startup.HostConfig.deployDescriptor Deploying deployment descriptor [C:\Users\sujat\.SmartTomcat\xworkz_commonmodule_keerthi\xworkz_commonmodule_keerthi\conf\Catalina\localhost\xworkz_commonmodule_keerthi.xml]
13-Mar-2025 22:38:25.511 INFO [main] org.apache.jasper.servlet.TldScanner.scanJars At least one JAR was scanned for TLDs yet contained no TLDs. Enable debug logging for this logger for a complete list of JARs that were scanned but no TLDs were found in them. Skipping unneeded JARs during scanning can improve startup time and JSP compilation time.
13-Mar-2025 22:38:25.560 INFO [main] org.apache.catalina.startup.HostConfig.deployDescriptor Deployment of deployment descriptor [C:\Users\sujat\.SmartTomcat\xworkz_commonmodule_keerthi\xworkz_commonmodule_keerthi\conf\Catalina\localhost\xworkz_commonmodule_keerthi.xml] has finished in [4,103] ms
13-Mar-2025 22:38:25.563 INFO [main] org.apache.coyote.AbstractProtocol.start Starting ProtocolHandler ["http-nio-8080"]
13-Mar-2025 22:38:25.571 INFO [main] org.apache.catalina.startup.Catalina.start Server startup in [4158] milliseconds
13-Mar-2025 22:42:42.277 INFO [main] org.apache.catalina.startup.VersionLoggerListener.log Server version name:   Apache Tomcat/9.0.38
13-Mar-2025 22:42:42.279 INFO [main] org.apache.catalina.startup.VersionLoggerListener.log Server built:          Sep 10 2020 08:20:30 UTC
13-Mar-2025 22:42:42.280 INFO [main] org.apache.catalina.startup.VersionLoggerListener.log Server version number: 9.0.38.0
13-Mar-2025 22:42:42.280 INFO [main] org.apache.catalina.startup.VersionLoggerListener.log OS Name:               Windows 10
13-Mar-2025 22:42:42.280 INFO [main] org.apache.catalina.startup.VersionLoggerListener.log OS Version:            10.0
13-Mar-2025 22:42:42.280 INFO [main] org.apache.catalina.startup.VersionLoggerListener.log Architecture:          amd64
13-Mar-2025 22:42:42.280 INFO [main] org.apache.catalina.startup.VersionLoggerListener.log Java Home:             C:\Program Files\Java\jdk1.8.0_261\jre
13-Mar-2025 22:42:42.280 INFO [main] org.apache.catalina.startup.VersionLoggerListener.log JVM Version:           1.8.0_261-b12
13-Mar-2025 22:42:42.280 INFO [main] org.apache.catalina.startup.VersionLoggerListener.log JVM Vendor:            Oracle Corporation
13-Mar-2025 22:42:42.280 INFO [main] org.apache.catalina.startup.VersionLoggerListener.log CATALINA_BASE:         C:\Users\sujat\.SmartTomcat\xworkz_commonmodule_keerthi\xworkz_commonmodule_keerthi
13-Mar-2025 22:42:42.280 INFO [main] org.apache.catalina.startup.VersionLoggerListener.log CATALINA_HOME:         C:\Users\sujat\Downloads\apache-tomcat-9.0.38-windows-x64\apache-tomcat-9.0.38
13-Mar-2025 22:42:42.284 INFO [main] org.apache.catalina.startup.VersionLoggerListener.log Command line argument: -Dcatalina.home=C:\Users\sujat\Downloads\apache-tomcat-9.0.38-windows-x64\apache-tomcat-9.0.38
13-Mar-2025 22:42:42.284 INFO [main] org.apache.catalina.startup.VersionLoggerListener.log Command line argument: -Dcatalina.base=C:\Users\sujat\.SmartTomcat\xworkz_commonmodule_keerthi\xworkz_commonmodule_keerthi
13-Mar-2025 22:42:42.284 INFO [main] org.apache.catalina.startup.VersionLoggerListener.log Command line argument: -Djava.io.tmpdir=C:\Users\sujat\.SmartTomcat\xworkz_commonmodule_keerthi\xworkz_commonmodule_keerthi\temp
13-Mar-2025 22:42:42.284 INFO [main] org.apache.catalina.startup.VersionLoggerListener.log Command line argument: -Djava.util.logging.config.file=C:\Users\sujat\.SmartTomcat\xworkz_commonmodule_keerthi\xworkz_commonmodule_keerthi\conf\logging.properties
13-Mar-2025 22:42:42.284 INFO [main] org.apache.catalina.startup.VersionLoggerListener.log Command line argument: -Djava.util.logging.manager=org.apache.juli.ClassLoaderLogManager
13-Mar-2025 22:42:42.284 INFO [main] org.apache.catalina.startup.VersionLoggerListener.log Command line argument: -javaagent:C:\Users\sujat\Downloads\ideaIC-2024.1.4.win\lib\idea_rt.jar=58929:C:\Users\sujat\Downloads\ideaIC-2024.1.4.win\bin
13-Mar-2025 22:42:42.284 INFO [main] org.apache.catalina.startup.VersionLoggerListener.log Command line argument: -Dfile.encoding=UTF-8
13-Mar-2025 22:42:42.288 INFO [main] org.apache.catalina.core.AprLifecycleListener.lifecycleEvent Loaded Apache Tomcat Native library [1.2.25] using APR version [1.7.0].
13-Mar-2025 22:42:42.289 INFO [main] org.apache.catalina.core.AprLifecycleListener.lifecycleEvent APR capabilities: IPv6 [true], sendfile [true], accept filters [false], random [true].
13-Mar-2025 22:42:42.289 INFO [main] org.apache.catalina.core.AprLifecycleListener.lifecycleEvent APR/OpenSSL configuration: useAprConnector [false], useOpenSSL [true]
13-Mar-2025 22:42:42.295 INFO [main] org.apache.catalina.core.AprLifecycleListener.initializeSSL OpenSSL successfully initialized [OpenSSL 1.1.1g  21 Apr 2020]
13-Mar-2025 22:42:42.792 INFO [main] org.apache.coyote.AbstractProtocol.init Initializing ProtocolHandler ["http-nio-8080"]
13-Mar-2025 22:42:43.034 SEVERE [main] org.apache.catalina.util.LifecycleBase.handleSubClassException Failed to initialize component [Connector[HTTP/1.1-8080]]
	org.apache.catalina.LifecycleException: Protocol handler initialization failed
		at org.apache.catalina.connector.Connector.initInternal(Connector.java:1042)
		at org.apache.catalina.util.LifecycleBase.init(LifecycleBase.java:136)
		at org.apache.catalina.core.StandardService.initInternal(StandardService.java:533)
		at org.apache.catalina.util.LifecycleBase.init(LifecycleBase.java:136)
		at org.apache.catalina.core.StandardServer.initInternal(StandardServer.java:1057)
		at org.apache.catalina.util.LifecycleBase.init(LifecycleBase.java:136)
		at org.apache.catalina.startup.Catalina.load(Catalina.java:724)
		at org.apache.catalina.startup.Catalina.load(Catalina.java:746)
		at sun.reflect.NativeMethodAccessorImpl.invoke0(Native Method)
		at sun.reflect.NativeMethodAccessorImpl.invoke(NativeMethodAccessorImpl.java:62)
		at sun.reflect.DelegatingMethodAccessorImpl.invoke(DelegatingMethodAccessorImpl.java:43)
		at java.lang.reflect.Method.invoke(Method.java:498)
		at org.apache.catalina.startup.Bootstrap.load(Bootstrap.java:302)
		at org.apache.catalina.startup.Bootstrap.main(Bootstrap.java:472)
	Caused by: java.net.BindException: Address already in use: bind
		at sun.nio.ch.Net.bind0(Native Method)
		at sun.nio.ch.Net.bind(Net.java:444)
		at sun.nio.ch.Net.bind(Net.java:436)
		at sun.nio.ch.ServerSocketChannelImpl.bind(ServerSocketChannelImpl.java:225)
		at sun.nio.ch.ServerSocketAdaptor.bind(ServerSocketAdaptor.java:74)
		at org.apache.tomcat.util.net.NioEndpoint.initServerSocket(NioEndpoint.java:228)
		at org.apache.tomcat.util.net.NioEndpoint.bind(NioEndpoint.java:211)
		at org.apache.tomcat.util.net.AbstractEndpoint.bindWithCleanup(AbstractEndpoint.java:1141)
		at org.apache.tomcat.util.net.AbstractEndpoint.init(AbstractEndpoint.java:1154)
		at org.apache.coyote.AbstractProtocol.init(AbstractProtocol.java:581)
		at org.apache.coyote.http11.AbstractHttp11Protocol.init(AbstractHttp11Protocol.java:75)
		at org.apache.catalina.connector.Connector.initInternal(Connector.java:1039)
		... 13 more
13-Mar-2025 22:42:43.035 INFO [main] org.apache.catalina.startup.Catalina.load Server initialization in [1021] milliseconds
13-Mar-2025 22:42:43.069 INFO [main] org.apache.catalina.core.StandardService.startInternal Starting service [Catalina]
13-Mar-2025 22:42:43.069 INFO [main] org.apache.catalina.core.StandardEngine.startInternal Starting Servlet engine: [Apache Tomcat/9.0.38]
13-Mar-2025 22:42:43.082 INFO [main] org.apache.catalina.startup.HostConfig.deployDescriptor Deploying deployment descriptor [C:\Users\sujat\.SmartTomcat\xworkz_commonmodule_keerthi\xworkz_commonmodule_keerthi\conf\Catalina\localhost\xworkz_commonmodule_keerthi.xml]
13-Mar-2025 22:42:45.857 INFO [Catalina-utility-1] org.apache.catalina.startup.HostConfig.undeploy Undeploying context [/xworkz_commonmodule_keerthi]
13-Mar-2025 22:42:45.907 INFO [Catalina-utility-1] org.apache.catalina.startup.HostConfig.deployDescriptor Deploying deployment descriptor [C:\Users\sujat\.SmartTomcat\xworkz_commonmodule_keerthi\xworkz_commonmodule_keerthi\conf\Catalina\localhost\xworkz_commonmodule_keerthi.xml]
13-Mar-2025 22:42:47.422 INFO [main] org.apache.jasper.servlet.TldScanner.scanJars At least one JAR was scanned for TLDs yet contained no TLDs. Enable debug logging for this logger for a complete list of JARs that were scanned but no TLDs were found in them. Skipping unneeded JARs during scanning can improve startup time and JSP compilation time.
13-Mar-2025 22:42:47.482 INFO [main] org.apache.catalina.startup.HostConfig.deployDescriptor Deployment of deployment descriptor [C:\Users\sujat\.SmartTomcat\xworkz_commonmodule_keerthi\xworkz_commonmodule_keerthi\conf\Catalina\localhost\xworkz_commonmodule_keerthi.xml] has finished in [4,399] ms
13-Mar-2025 22:42:47.488 INFO [main] org.apache.catalina.startup.Catalina.start Server startup in [4452] milliseconds
13-Mar-2025 22:42:47.493 SEVERE [main] org.apache.catalina.core.StandardServer.await Failed to create server shutdown socket on address [localhost] and port [8005] (base port [8005] and offset [0])
	java.net.BindException: Address already in use: JVM_Bind
		at java.net.DualStackPlainSocketImpl.bind0(Native Method)
		at java.net.DualStackPlainSocketImpl.socketBind(DualStackPlainSocketImpl.java:102)
		at java.net.AbstractPlainSocketImpl.bind(AbstractPlainSocketImpl.java:513)
		at java.net.PlainSocketImpl.bind(PlainSocketImpl.java:180)
		at java.net.ServerSocket.bind(ServerSocket.java:375)
		at java.net.ServerSocket.<init>(ServerSocket.java:237)
		at org.apache.catalina.core.StandardServer.await(StandardServer.java:584)
		at org.apache.catalina.startup.Catalina.await(Catalina.java:864)
		at org.apache.catalina.startup.Catalina.start(Catalina.java:810)
		at sun.reflect.NativeMethodAccessorImpl.invoke0(Native Method)
		at sun.reflect.NativeMethodAccessorImpl.invoke(NativeMethodAccessorImpl.java:62)
		at sun.reflect.DelegatingMethodAccessorImpl.invoke(DelegatingMethodAccessorImpl.java:43)
		at java.lang.reflect.Method.invoke(Method.java:498)
		at org.apache.catalina.startup.Bootstrap.start(Bootstrap.java:342)
		at org.apache.catalina.startup.Bootstrap.main(Bootstrap.java:473)
13-Mar-2025 22:42:47.494 INFO [main] org.apache.coyote.AbstractProtocol.pause Pausing ProtocolHandler ["http-nio-8080"]
13-Mar-2025 22:42:47.494 INFO [main] org.apache.catalina.core.StandardService.stopInternal Stopping service [Catalina]
13-Mar-2025 22:42:47.503 INFO [main] org.apache.coyote.AbstractProtocol.stop Stopping ProtocolHandler ["http-nio-8080"]
13-Mar-2025 22:42:47.504 INFO [main] org.apache.coyote.AbstractProtocol.destroy Destroying ProtocolHandler ["http-nio-8080"]
13-Mar-2025 22:42:49.583 INFO [Catalina-utility-1] org.apache.jasper.servlet.TldScanner.scanJars At least one JAR was scanned for TLDs yet contained no TLDs. Enable debug logging for this logger for a complete list of JARs that were scanned but no TLDs were found in them. Skipping unneeded JARs during scanning can improve startup time and JSP compilation time.
13-Mar-2025 22:42:49.598 INFO [Catalina-utility-1] org.apache.catalina.startup.HostConfig.deployDescriptor Deployment of deployment descriptor [C:\Users\sujat\.SmartTomcat\xworkz_commonmodule_keerthi\xworkz_commonmodule_keerthi\conf\Catalina\localhost\xworkz_commonmodule_keerthi.xml] has finished in [3,691] ms
13-Mar-2025 22:43:04.964 INFO [main] org.apache.catalina.core.StandardServer.await A valid shutdown command was received via the shutdown port. Stopping the Server instance.
13-Mar-2025 22:43:04.964 INFO [main] org.apache.coyote.AbstractProtocol.pause Pausing ProtocolHandler ["http-nio-8080"]
13-Mar-2025 22:43:05.200 INFO [main] org.apache.catalina.core.StandardService.stopInternal Stopping service [Catalina]
13-Mar-2025 22:43:05.214 INFO [main] org.apache.coyote.AbstractProtocol.stop Stopping ProtocolHandler ["http-nio-8080"]
13-Mar-2025 22:43:05.248 INFO [main] org.apache.coyote.AbstractProtocol.destroy Destroying ProtocolHandler ["http-nio-8080"]
13-Mar-2025 22:43:19.969 INFO [main] org.apache.catalina.startup.VersionLoggerListener.log Server version name:   Apache Tomcat/9.0.38
13-Mar-2025 22:43:19.973 INFO [main] org.apache.catalina.startup.VersionLoggerListener.log Server built:          Sep 10 2020 08:20:30 UTC
13-Mar-2025 22:43:19.974 INFO [main] org.apache.catalina.startup.VersionLoggerListener.log Server version number: 9.0.38.0
13-Mar-2025 22:43:19.974 INFO [main] org.apache.catalina.startup.VersionLoggerListener.log OS Name:               Windows 10
13-Mar-2025 22:43:19.974 INFO [main] org.apache.catalina.startup.VersionLoggerListener.log OS Version:            10.0
13-Mar-2025 22:43:19.974 INFO [main] org.apache.catalina.startup.VersionLoggerListener.log Architecture:          amd64
13-Mar-2025 22:43:19.974 INFO [main] org.apache.catalina.startup.VersionLoggerListener.log Java Home:             C:\Program Files\Java\jdk1.8.0_261\jre
13-Mar-2025 22:43:19.974 INFO [main] org.apache.catalina.startup.VersionLoggerListener.log JVM Version:           1.8.0_261-b12
13-Mar-2025 22:43:19.974 INFO [main] org.apache.catalina.startup.VersionLoggerListener.log JVM Vendor:            Oracle Corporation
13-Mar-2025 22:43:19.974 INFO [main] org.apache.catalina.startup.VersionLoggerListener.log CATALINA_BASE:         C:\Users\sujat\.SmartTomcat\xworkz_commonmodule_keerthi\xworkz_commonmodule_keerthi
13-Mar-2025 22:43:19.975 INFO [main] org.apache.catalina.startup.VersionLoggerListener.log CATALINA_HOME:         C:\Users\sujat\Downloads\apache-tomcat-9.0.38-windows-x64\apache-tomcat-9.0.38
13-Mar-2025 22:43:19.980 INFO [main] org.apache.catalina.startup.VersionLoggerListener.log Command line argument: -Dcatalina.home=C:\Users\sujat\Downloads\apache-tomcat-9.0.38-windows-x64\apache-tomcat-9.0.38
13-Mar-2025 22:43:19.980 INFO [main] org.apache.catalina.startup.VersionLoggerListener.log Command line argument: -Dcatalina.base=C:\Users\sujat\.SmartTomcat\xworkz_commonmodule_keerthi\xworkz_commonmodule_keerthi
13-Mar-2025 22:43:19.980 INFO [main] org.apache.catalina.startup.VersionLoggerListener.log Command line argument: -Djava.io.tmpdir=C:\Users\sujat\.SmartTomcat\xworkz_commonmodule_keerthi\xworkz_commonmodule_keerthi\temp
13-Mar-2025 22:43:19.980 INFO [main] org.apache.catalina.startup.VersionLoggerListener.log Command line argument: -Djava.util.logging.config.file=C:\Users\sujat\.SmartTomcat\xworkz_commonmodule_keerthi\xworkz_commonmodule_keerthi\conf\logging.properties
13-Mar-2025 22:43:19.980 INFO [main] org.apache.catalina.startup.VersionLoggerListener.log Command line argument: -Djava.util.logging.manager=org.apache.juli.ClassLoaderLogManager
13-Mar-2025 22:43:19.980 INFO [main] org.apache.catalina.startup.VersionLoggerListener.log Command line argument: -javaagent:C:\Users\sujat\Downloads\ideaIC-2024.1.4.win\lib\idea_rt.jar=58944:C:\Users\sujat\Downloads\ideaIC-2024.1.4.win\bin
13-Mar-2025 22:43:19.980 INFO [main] org.apache.catalina.startup.VersionLoggerListener.log Command line argument: -Dfile.encoding=UTF-8
13-Mar-2025 22:43:19.986 INFO [main] org.apache.catalina.core.AprLifecycleListener.lifecycleEvent Loaded Apache Tomcat Native library [1.2.25] using APR version [1.7.0].
13-Mar-2025 22:43:19.986 INFO [main] org.apache.catalina.core.AprLifecycleListener.lifecycleEvent APR capabilities: IPv6 [true], sendfile [true], accept filters [false], random [true].
13-Mar-2025 22:43:19.986 INFO [main] org.apache.catalina.core.AprLifecycleListener.lifecycleEvent APR/OpenSSL configuration: useAprConnector [false], useOpenSSL [true]
13-Mar-2025 22:43:19.995 INFO [main] org.apache.catalina.core.AprLifecycleListener.initializeSSL OpenSSL successfully initialized [OpenSSL 1.1.1g  21 Apr 2020]
13-Mar-2025 22:43:20.527 INFO [main] org.apache.coyote.AbstractProtocol.init Initializing ProtocolHandler ["http-nio-8080"]
13-Mar-2025 22:43:20.769 INFO [main] org.apache.catalina.startup.Catalina.load Server initialization in [1135] milliseconds
13-Mar-2025 22:43:20.804 INFO [main] org.apache.catalina.core.StandardService.startInternal Starting service [Catalina]
13-Mar-2025 22:43:20.804 INFO [main] org.apache.catalina.core.StandardEngine.startInternal Starting Servlet engine: [Apache Tomcat/9.0.38]
13-Mar-2025 22:43:20.814 INFO [main] org.apache.catalina.startup.HostConfig.deployDescriptor Deploying deployment descriptor [C:\Users\sujat\.SmartTomcat\xworkz_commonmodule_keerthi\xworkz_commonmodule_keerthi\conf\Catalina\localhost\xworkz_commonmodule_keerthi.xml]
13-Mar-2025 22:43:24.752 INFO [main] org.apache.jasper.servlet.TldScanner.scanJars At least one JAR was scanned for TLDs yet contained no TLDs. Enable debug logging for this logger for a complete list of JARs that were scanned but no TLDs were found in them. Skipping unneeded JARs during scanning can improve startup time and JSP compilation time.
13-Mar-2025 22:43:24.811 INFO [main] org.apache.catalina.startup.HostConfig.deployDescriptor Deployment of deployment descriptor [C:\Users\sujat\.SmartTomcat\xworkz_commonmodule_keerthi\xworkz_commonmodule_keerthi\conf\Catalina\localhost\xworkz_commonmodule_keerthi.xml] has finished in [3,996] ms
13-Mar-2025 22:43:24.815 INFO [main] org.apache.coyote.AbstractProtocol.start Starting ProtocolHandler ["http-nio-8080"]
13-Mar-2025 22:43:24.825 INFO [main] org.apache.catalina.startup.Catalina.start Server startup in [4055] milliseconds
13-Mar-2025 22:45:51.452 INFO [main] org.apache.catalina.startup.VersionLoggerListener.log Server version name:   Apache Tomcat/9.0.38
13-Mar-2025 22:45:51.455 INFO [main] org.apache.catalina.startup.VersionLoggerListener.log Server built:          Sep 10 2020 08:20:30 UTC
13-Mar-2025 22:45:51.456 INFO [main] org.apache.catalina.startup.VersionLoggerListener.log Server version number: 9.0.38.0
13-Mar-2025 22:45:51.456 INFO [main] org.apache.catalina.startup.VersionLoggerListener.log OS Name:               Windows 10
13-Mar-2025 22:45:51.456 INFO [main] org.apache.catalina.startup.VersionLoggerListener.log OS Version:            10.0
13-Mar-2025 22:45:51.456 INFO [main] org.apache.catalina.startup.VersionLoggerListener.log Architecture:          amd64
13-Mar-2025 22:45:51.456 INFO [main] org.apache.catalina.startup.VersionLoggerListener.log Java Home:             C:\Program Files\Java\jdk1.8.0_261\jre
13-Mar-2025 22:45:51.456 INFO [main] org.apache.catalina.startup.VersionLoggerListener.log JVM Version:           1.8.0_261-b12
13-Mar-2025 22:45:51.456 INFO [main] org.apache.catalina.startup.VersionLoggerListener.log JVM Vendor:            Oracle Corporation
13-Mar-2025 22:45:51.456 INFO [main] org.apache.catalina.startup.VersionLoggerListener.log CATALINA_BASE:         C:\Users\sujat\.SmartTomcat\xworkz_commonmodule_keerthi\xworkz_commonmodule_keerthi
13-Mar-2025 22:45:51.456 INFO [main] org.apache.catalina.startup.VersionLoggerListener.log CATALINA_HOME:         C:\Users\sujat\Downloads\apache-tomcat-9.0.38-windows-x64\apache-tomcat-9.0.38
13-Mar-2025 22:45:51.459 INFO [main] org.apache.catalina.startup.VersionLoggerListener.log Command line argument: -Dcatalina.home=C:\Users\sujat\Downloads\apache-tomcat-9.0.38-windows-x64\apache-tomcat-9.0.38
13-Mar-2025 22:45:51.459 INFO [main] org.apache.catalina.startup.VersionLoggerListener.log Command line argument: -Dcatalina.base=C:\Users\sujat\.SmartTomcat\xworkz_commonmodule_keerthi\xworkz_commonmodule_keerthi
13-Mar-2025 22:45:51.460 INFO [main] org.apache.catalina.startup.VersionLoggerListener.log Command line argument: -Djava.io.tmpdir=C:\Users\sujat\.SmartTomcat\xworkz_commonmodule_keerthi\xworkz_commonmodule_keerthi\temp
13-Mar-2025 22:45:51.460 INFO [main] org.apache.catalina.startup.VersionLoggerListener.log Command line argument: -Djava.util.logging.config.file=C:\Users\sujat\.SmartTomcat\xworkz_commonmodule_keerthi\xworkz_commonmodule_keerthi\conf\logging.properties
13-Mar-2025 22:45:51.460 INFO [main] org.apache.catalina.startup.VersionLoggerListener.log Command line argument: -Djava.util.logging.manager=org.apache.juli.ClassLoaderLogManager
13-Mar-2025 22:45:51.460 INFO [main] org.apache.catalina.startup.VersionLoggerListener.log Command line argument: -javaagent:C:\Users\sujat\Downloads\ideaIC-2024.1.4.win\lib\idea_rt.jar=58971:C:\Users\sujat\Downloads\ideaIC-2024.1.4.win\bin
13-Mar-2025 22:45:51.460 INFO [main] org.apache.catalina.startup.VersionLoggerListener.log Command line argument: -Dfile.encoding=UTF-8
13-Mar-2025 22:45:51.464 INFO [main] org.apache.catalina.core.AprLifecycleListener.lifecycleEvent Loaded Apache Tomcat Native library [1.2.25] using APR version [1.7.0].
13-Mar-2025 22:45:51.464 INFO [main] org.apache.catalina.core.AprLifecycleListener.lifecycleEvent APR capabilities: IPv6 [true], sendfile [true], accept filters [false], random [true].
13-Mar-2025 22:45:51.464 INFO [main] org.apache.catalina.core.AprLifecycleListener.lifecycleEvent APR/OpenSSL configuration: useAprConnector [false], useOpenSSL [true]
13-Mar-2025 22:45:51.470 INFO [main] org.apache.catalina.core.AprLifecycleListener.initializeSSL OpenSSL successfully initialized [OpenSSL 1.1.1g  21 Apr 2020]
13-Mar-2025 22:45:51.939 INFO [main] org.apache.coyote.AbstractProtocol.init Initializing ProtocolHandler ["http-nio-8080"]
13-Mar-2025 22:45:52.179 SEVERE [main] org.apache.catalina.util.LifecycleBase.handleSubClassException Failed to initialize component [Connector[HTTP/1.1-8080]]
	org.apache.catalina.LifecycleException: Protocol handler initialization failed
		at org.apache.catalina.connector.Connector.initInternal(Connector.java:1042)
		at org.apache.catalina.util.LifecycleBase.init(LifecycleBase.java:136)
		at org.apache.catalina.core.StandardService.initInternal(StandardService.java:533)
		at org.apache.catalina.util.LifecycleBase.init(LifecycleBase.java:136)
		at org.apache.catalina.core.StandardServer.initInternal(StandardServer.java:1057)
		at org.apache.catalina.util.LifecycleBase.init(LifecycleBase.java:136)
		at org.apache.catalina.startup.Catalina.load(Catalina.java:724)
		at org.apache.catalina.startup.Catalina.load(Catalina.java:746)
		at sun.reflect.NativeMethodAccessorImpl.invoke0(Native Method)
		at sun.reflect.NativeMethodAccessorImpl.invoke(NativeMethodAccessorImpl.java:62)
		at sun.reflect.DelegatingMethodAccessorImpl.invoke(DelegatingMethodAccessorImpl.java:43)
		at java.lang.reflect.Method.invoke(Method.java:498)
		at org.apache.catalina.startup.Bootstrap.load(Bootstrap.java:302)
		at org.apache.catalina.startup.Bootstrap.main(Bootstrap.java:472)
	Caused by: java.net.BindException: Address already in use: bind
		at sun.nio.ch.Net.bind0(Native Method)
		at sun.nio.ch.Net.bind(Net.java:444)
		at sun.nio.ch.Net.bind(Net.java:436)
		at sun.nio.ch.ServerSocketChannelImpl.bind(ServerSocketChannelImpl.java:225)
		at sun.nio.ch.ServerSocketAdaptor.bind(ServerSocketAdaptor.java:74)
		at org.apache.tomcat.util.net.NioEndpoint.initServerSocket(NioEndpoint.java:228)
		at org.apache.tomcat.util.net.NioEndpoint.bind(NioEndpoint.java:211)
		at org.apache.tomcat.util.net.AbstractEndpoint.bindWithCleanup(AbstractEndpoint.java:1141)
		at org.apache.tomcat.util.net.AbstractEndpoint.init(AbstractEndpoint.java:1154)
		at org.apache.coyote.AbstractProtocol.init(AbstractProtocol.java:581)
		at org.apache.coyote.http11.AbstractHttp11Protocol.init(AbstractHttp11Protocol.java:75)
		at org.apache.catalina.connector.Connector.initInternal(Connector.java:1039)
		... 13 more
13-Mar-2025 22:45:52.180 INFO [main] org.apache.catalina.startup.Catalina.load Server initialization in [979] milliseconds
13-Mar-2025 22:45:52.211 INFO [main] org.apache.catalina.core.StandardService.startInternal Starting service [Catalina]
13-Mar-2025 22:45:52.211 INFO [main] org.apache.catalina.core.StandardEngine.startInternal Starting Servlet engine: [Apache Tomcat/9.0.38]
13-Mar-2025 22:45:52.222 INFO [main] org.apache.catalina.startup.HostConfig.deployDescriptor Deploying deployment descriptor [C:\Users\sujat\.SmartTomcat\xworkz_commonmodule_keerthi\xworkz_commonmodule_keerthi\conf\Catalina\localhost\xworkz_commonmodule_keerthi.xml]
13-Mar-2025 22:45:54.922 INFO [Catalina-utility-2] org.apache.catalina.startup.HostConfig.undeploy Undeploying context [/xworkz_commonmodule_keerthi]
13-Mar-2025 22:45:54.958 INFO [Catalina-utility-2] org.apache.catalina.startup.HostConfig.deployDescriptor Deploying deployment descriptor [C:\Users\sujat\.SmartTomcat\xworkz_commonmodule_keerthi\xworkz_commonmodule_keerthi\conf\Catalina\localhost\xworkz_commonmodule_keerthi.xml]
13-Mar-2025 22:45:56.494 INFO [main] org.apache.jasper.servlet.TldScanner.scanJars At least one JAR was scanned for TLDs yet contained no TLDs. Enable debug logging for this logger for a complete list of JARs that were scanned but no TLDs were found in them. Skipping unneeded JARs during scanning can improve startup time and JSP compilation time.
13-Mar-2025 22:45:56.557 INFO [main] org.apache.catalina.startup.HostConfig.deployDescriptor Deployment of deployment descriptor [C:\Users\sujat\.SmartTomcat\xworkz_commonmodule_keerthi\xworkz_commonmodule_keerthi\conf\Catalina\localhost\xworkz_commonmodule_keerthi.xml] has finished in [4,334] ms
13-Mar-2025 22:45:56.561 INFO [main] org.apache.catalina.startup.Catalina.start Server startup in [4380] milliseconds
13-Mar-2025 22:45:56.565 SEVERE [main] org.apache.catalina.core.StandardServer.await Failed to create server shutdown socket on address [localhost] and port [8005] (base port [8005] and offset [0])
	java.net.BindException: Address already in use: JVM_Bind
		at java.net.DualStackPlainSocketImpl.bind0(Native Method)
		at java.net.DualStackPlainSocketImpl.socketBind(DualStackPlainSocketImpl.java:102)
		at java.net.AbstractPlainSocketImpl.bind(AbstractPlainSocketImpl.java:513)
		at java.net.PlainSocketImpl.bind(PlainSocketImpl.java:180)
		at java.net.ServerSocket.bind(ServerSocket.java:375)
		at java.net.ServerSocket.<init>(ServerSocket.java:237)
		at org.apache.catalina.core.StandardServer.await(StandardServer.java:584)
		at org.apache.catalina.startup.Catalina.await(Catalina.java:864)
		at org.apache.catalina.startup.Catalina.start(Catalina.java:810)
		at sun.reflect.NativeMethodAccessorImpl.invoke0(Native Method)
		at sun.reflect.NativeMethodAccessorImpl.invoke(NativeMethodAccessorImpl.java:62)
		at sun.reflect.DelegatingMethodAccessorImpl.invoke(DelegatingMethodAccessorImpl.java:43)
		at java.lang.reflect.Method.invoke(Method.java:498)
		at org.apache.catalina.startup.Bootstrap.start(Bootstrap.java:342)
		at org.apache.catalina.startup.Bootstrap.main(Bootstrap.java:473)
13-Mar-2025 22:45:56.565 INFO [main] org.apache.coyote.AbstractProtocol.pause Pausing ProtocolHandler ["http-nio-8080"]
13-Mar-2025 22:45:56.565 INFO [main] org.apache.catalina.core.StandardService.stopInternal Stopping service [Catalina]
13-Mar-2025 22:45:56.573 INFO [main] org.apache.coyote.AbstractProtocol.stop Stopping ProtocolHandler ["http-nio-8080"]
13-Mar-2025 22:45:56.573 INFO [main] org.apache.coyote.AbstractProtocol.destroy Destroying ProtocolHandler ["http-nio-8080"]
13-Mar-2025 22:45:58.385 INFO [Catalina-utility-2] org.apache.jasper.servlet.TldScanner.scanJars At least one JAR was scanned for TLDs yet contained no TLDs. Enable debug logging for this logger for a complete list of JARs that were scanned but no TLDs were found in them. Skipping unneeded JARs during scanning can improve startup time and JSP compilation time.
13-Mar-2025 22:45:58.392 INFO [Catalina-utility-2] org.apache.catalina.startup.HostConfig.deployDescriptor Deployment of deployment descriptor [C:\Users\sujat\.SmartTomcat\xworkz_commonmodule_keerthi\xworkz_commonmodule_keerthi\conf\Catalina\localhost\xworkz_commonmodule_keerthi.xml] has finished in [3,434] ms
13-Mar-2025 22:46:10.575 INFO [main] org.apache.catalina.core.StandardServer.await A valid shutdown command was received via the shutdown port. Stopping the Server instance.
13-Mar-2025 22:46:10.577 INFO [main] org.apache.coyote.AbstractProtocol.pause Pausing ProtocolHandler ["http-nio-8080"]
13-Mar-2025 22:46:10.809 INFO [main] org.apache.catalina.core.StandardService.stopInternal Stopping service [Catalina]
13-Mar-2025 22:46:10.821 INFO [main] org.apache.coyote.AbstractProtocol.stop Stopping ProtocolHandler ["http-nio-8080"]
13-Mar-2025 22:46:10.857 INFO [main] org.apache.coyote.AbstractProtocol.destroy Destroying ProtocolHandler ["http-nio-8080"]
13-Mar-2025 22:46:43.759 INFO [main] org.apache.catalina.startup.VersionLoggerListener.log Server version name:   Apache Tomcat/9.0.38
13-Mar-2025 22:46:43.762 INFO [main] org.apache.catalina.startup.VersionLoggerListener.log Server built:          Sep 10 2020 08:20:30 UTC
13-Mar-2025 22:46:43.763 INFO [main] org.apache.catalina.startup.VersionLoggerListener.log Server version number: 9.0.38.0
13-Mar-2025 22:46:43.763 INFO [main] org.apache.catalina.startup.VersionLoggerListener.log OS Name:               Windows 10
13-Mar-2025 22:46:43.763 INFO [main] org.apache.catalina.startup.VersionLoggerListener.log OS Version:            10.0
13-Mar-2025 22:46:43.763 INFO [main] org.apache.catalina.startup.VersionLoggerListener.log Architecture:          amd64
13-Mar-2025 22:46:43.763 INFO [main] org.apache.catalina.startup.VersionLoggerListener.log Java Home:             C:\Program Files\Java\jdk1.8.0_261\jre
13-Mar-2025 22:46:43.763 INFO [main] org.apache.catalina.startup.VersionLoggerListener.log JVM Version:           1.8.0_261-b12
13-Mar-2025 22:46:43.763 INFO [main] org.apache.catalina.startup.VersionLoggerListener.log JVM Vendor:            Oracle Corporation
13-Mar-2025 22:46:43.763 INFO [main] org.apache.catalina.startup.VersionLoggerListener.log CATALINA_BASE:         C:\Users\sujat\.SmartTomcat\xworkz_commonmodule_keerthi\xworkz_commonmodule_keerthi
13-Mar-2025 22:46:43.763 INFO [main] org.apache.catalina.startup.VersionLoggerListener.log CATALINA_HOME:         C:\Users\sujat\Downloads\apache-tomcat-9.0.38-windows-x64\apache-tomcat-9.0.38
13-Mar-2025 22:46:43.767 INFO [main] org.apache.catalina.startup.VersionLoggerListener.log Command line argument: -Dcatalina.home=C:\Users\sujat\Downloads\apache-tomcat-9.0.38-windows-x64\apache-tomcat-9.0.38
13-Mar-2025 22:46:43.767 INFO [main] org.apache.catalina.startup.VersionLoggerListener.log Command line argument: -Dcatalina.base=C:\Users\sujat\.SmartTomcat\xworkz_commonmodule_keerthi\xworkz_commonmodule_keerthi
13-Mar-2025 22:46:43.767 INFO [main] org.apache.catalina.startup.VersionLoggerListener.log Command line argument: -Djava.io.tmpdir=C:\Users\sujat\.SmartTomcat\xworkz_commonmodule_keerthi\xworkz_commonmodule_keerthi\temp
13-Mar-2025 22:46:43.767 INFO [main] org.apache.catalina.startup.VersionLoggerListener.log Command line argument: -Djava.util.logging.config.file=C:\Users\sujat\.SmartTomcat\xworkz_commonmodule_keerthi\xworkz_commonmodule_keerthi\conf\logging.properties
13-Mar-2025 22:46:43.768 INFO [main] org.apache.catalina.startup.VersionLoggerListener.log Command line argument: -Djava.util.logging.manager=org.apache.juli.ClassLoaderLogManager
13-Mar-2025 22:46:43.768 INFO [main] org.apache.catalina.startup.VersionLoggerListener.log Command line argument: -javaagent:C:\Users\sujat\Downloads\ideaIC-2024.1.4.win\lib\idea_rt.jar=58981:C:\Users\sujat\Downloads\ideaIC-2024.1.4.win\bin
13-Mar-2025 22:46:43.768 INFO [main] org.apache.catalina.startup.VersionLoggerListener.log Command line argument: -Dfile.encoding=UTF-8
13-Mar-2025 22:46:43.774 INFO [main] org.apache.catalina.core.AprLifecycleListener.lifecycleEvent Loaded Apache Tomcat Native library [1.2.25] using APR version [1.7.0].
13-Mar-2025 22:46:43.774 INFO [main] org.apache.catalina.core.AprLifecycleListener.lifecycleEvent APR capabilities: IPv6 [true], sendfile [true], accept filters [false], random [true].
13-Mar-2025 22:46:43.774 INFO [main] org.apache.catalina.core.AprLifecycleListener.lifecycleEvent APR/OpenSSL configuration: useAprConnector [false], useOpenSSL [true]
13-Mar-2025 22:46:43.784 INFO [main] org.apache.catalina.core.AprLifecycleListener.initializeSSL OpenSSL successfully initialized [OpenSSL 1.1.1g  21 Apr 2020]
13-Mar-2025 22:46:44.337 INFO [main] org.apache.coyote.AbstractProtocol.init Initializing ProtocolHandler ["http-nio-8080"]
13-Mar-2025 22:46:44.585 INFO [main] org.apache.catalina.startup.Catalina.load Server initialization in [1149] milliseconds
13-Mar-2025 22:46:44.615 INFO [main] org.apache.catalina.core.StandardService.startInternal Starting service [Catalina]
13-Mar-2025 22:46:44.615 INFO [main] org.apache.catalina.core.StandardEngine.startInternal Starting Servlet engine: [Apache Tomcat/9.0.38]
13-Mar-2025 22:46:44.627 INFO [main] org.apache.catalina.startup.HostConfig.deployDescriptor Deploying deployment descriptor [C:\Users\sujat\.SmartTomcat\xworkz_commonmodule_keerthi\xworkz_commonmodule_keerthi\conf\Catalina\localhost\xworkz_commonmodule_keerthi.xml]
13-Mar-2025 22:46:48.512 INFO [main] org.apache.jasper.servlet.TldScanner.scanJars At least one JAR was scanned for TLDs yet contained no TLDs. Enable debug logging for this logger for a complete list of JARs that were scanned but no TLDs were found in them. Skipping unneeded JARs during scanning can improve startup time and JSP compilation time.
13-Mar-2025 22:46:48.569 INFO [main] org.apache.catalina.startup.HostConfig.deployDescriptor Deployment of deployment descriptor [C:\Users\sujat\.SmartTomcat\xworkz_commonmodule_keerthi\xworkz_commonmodule_keerthi\conf\Catalina\localhost\xworkz_commonmodule_keerthi.xml] has finished in [3,941] ms
13-Mar-2025 22:46:48.573 INFO [main] org.apache.coyote.AbstractProtocol.start Starting ProtocolHandler ["http-nio-8080"]
13-Mar-2025 22:46:48.586 INFO [main] org.apache.catalina.startup.Catalina.start Server startup in [4000] milliseconds
13-Mar-2025 22:47:26.474 INFO [Thread-4] org.apache.coyote.AbstractProtocol.pause Pausing ProtocolHandler ["http-nio-8080"]
13-Mar-2025 22:47:26.648 INFO [Thread-4] org.apache.catalina.core.StandardService.stopInternal Stopping service [Catalina]
13-Mar-2025 22:47:26.670 INFO [Thread-4] org.apache.coyote.AbstractProtocol.stop Stopping ProtocolHandler ["http-nio-8080"]
13-Mar-2025 22:47:26.703 INFO [Thread-4] org.apache.coyote.AbstractProtocol.destroy Destroying ProtocolHandler ["http-nio-8080"]
