27-Mar-2025 08:18:12.668 INFO [main] org.apache.catalina.startup.VersionLoggerListener.log Server version name:   Apache Tomcat/9.0.38
27-Mar-2025 08:18:12.673 INFO [main] org.apache.catalina.startup.VersionLoggerListener.log Server built:          Sep 10 2020 08:20:30 UTC
27-Mar-2025 08:18:12.674 INFO [main] org.apache.catalina.startup.VersionLoggerListener.log Server version number: 9.0.38.0
27-Mar-2025 08:18:12.674 INFO [main] org.apache.catalina.startup.VersionLoggerListener.log OS Name:               Windows 10
27-Mar-2025 08:18:12.674 INFO [main] org.apache.catalina.startup.VersionLoggerListener.log OS Version:            10.0
27-Mar-2025 08:18:12.674 INFO [main] org.apache.catalina.startup.VersionLoggerListener.log Architecture:          amd64
27-Mar-2025 08:18:12.674 INFO [main] org.apache.catalina.startup.VersionLoggerListener.log Java Home:             C:\Program Files\Java\jdk1.8.0_261\jre
27-Mar-2025 08:18:12.674 INFO [main] org.apache.catalina.startup.VersionLoggerListener.log JVM Version:           1.8.0_261-b12
27-Mar-2025 08:18:12.674 INFO [main] org.apache.catalina.startup.VersionLoggerListener.log JVM Vendor:            Oracle Corporation
27-Mar-2025 08:18:12.674 INFO [main] org.apache.catalina.startup.VersionLoggerListener.log CATALINA_BASE:         C:\Users\sujat\.SmartTomcat\xworkz_commonmodule_keerthi\xworkz_commonmodule_keerthi
27-Mar-2025 08:18:12.674 INFO [main] org.apache.catalina.startup.VersionLoggerListener.log CATALINA_HOME:         C:\Users\sujat\Downloads\apache-tomcat-9.0.38-windows-x64\apache-tomcat-9.0.38
27-Mar-2025 08:18:12.680 INFO [main] org.apache.catalina.startup.VersionLoggerListener.log Command line argument: -Dcatalina.home=C:\Users\sujat\Downloads\apache-tomcat-9.0.38-windows-x64\apache-tomcat-9.0.38
27-Mar-2025 08:18:12.680 INFO [main] org.apache.catalina.startup.VersionLoggerListener.log Command line argument: -Dcatalina.base=C:\Users\sujat\.SmartTomcat\xworkz_commonmodule_keerthi\xworkz_commonmodule_keerthi
27-Mar-2025 08:18:12.680 INFO [main] org.apache.catalina.startup.VersionLoggerListener.log Command line argument: -Djava.io.tmpdir=C:\Users\sujat\.SmartTomcat\xworkz_commonmodule_keerthi\xworkz_commonmodule_keerthi\temp
27-Mar-2025 08:18:12.680 INFO [main] org.apache.catalina.startup.VersionLoggerListener.log Command line argument: -Djava.util.logging.config.file=C:\Users\sujat\.SmartTomcat\xworkz_commonmodule_keerthi\xworkz_commonmodule_keerthi\conf\logging.properties
27-Mar-2025 08:18:12.680 INFO [main] org.apache.catalina.startup.VersionLoggerListener.log Command line argument: -Djava.util.logging.manager=org.apache.juli.ClassLoaderLogManager
27-Mar-2025 08:18:12.680 INFO [main] org.apache.catalina.startup.VersionLoggerListener.log Command line argument: -javaagent:C:\Users\sujat\Downloads\ideaIC-2024.1.4.win\lib\idea_rt.jar=64326:C:\Users\sujat\Downloads\ideaIC-2024.1.4.win\bin
27-Mar-2025 08:18:12.680 INFO [main] org.apache.catalina.startup.VersionLoggerListener.log Command line argument: -Dfile.encoding=UTF-8
27-Mar-2025 08:18:12.692 INFO [main] org.apache.catalina.core.AprLifecycleListener.lifecycleEvent Loaded Apache Tomcat Native library [1.2.25] using APR version [1.7.0].
27-Mar-2025 08:18:12.692 INFO [main] org.apache.catalina.core.AprLifecycleListener.lifecycleEvent APR capabilities: IPv6 [true], sendfile [true], accept filters [false], random [true].
27-Mar-2025 08:18:12.692 INFO [main] org.apache.catalina.core.AprLifecycleListener.lifecycleEvent APR/OpenSSL configuration: useAprConnector [false], useOpenSSL [true]
27-Mar-2025 08:18:12.717 INFO [main] org.apache.catalina.core.AprLifecycleListener.initializeSSL OpenSSL successfully initialized [OpenSSL 1.1.1g  21 Apr 2020]
27-Mar-2025 08:18:13.496 INFO [main] org.apache.coyote.AbstractProtocol.init Initializing ProtocolHandler ["http-nio-8080"]
27-Mar-2025 08:18:13.811 INFO [main] org.apache.catalina.startup.Catalina.load Server initialization in [1647] milliseconds
27-Mar-2025 08:18:13.866 INFO [main] org.apache.catalina.core.StandardService.startInternal Starting service [Catalina]
27-Mar-2025 08:18:13.866 INFO [main] org.apache.catalina.core.StandardEngine.startInternal Starting Servlet engine: [Apache Tomcat/9.0.38]
27-Mar-2025 08:18:13.887 INFO [main] org.apache.catalina.startup.HostConfig.deployDescriptor Deploying deployment descriptor [C:\Users\sujat\.SmartTomcat\xworkz_commonmodule_keerthi\xworkz_commonmodule_keerthi\conf\Catalina\localhost\xworkz_commonmodule_keerthi.xml]
27-Mar-2025 08:18:18.526 INFO [main] org.apache.jasper.servlet.TldScanner.scanJars At least one JAR was scanned for TLDs yet contained no TLDs. Enable debug logging for this logger for a complete list of JARs that were scanned but no TLDs were found in them. Skipping unneeded JARs during scanning can improve startup time and JSP compilation time.
27-Mar-2025 08:18:18.725 INFO [main] org.springframework.web.servlet.FrameworkServlet.initServletBean Initializing Servlet 'dispatcher'
27-Mar-2025 08:18:20.042 INFO [main] org.hibernate.jpa.internal.util.LogHelper.logPersistenceUnitInformation HHH000204: Processing PersistenceUnitInfo [name: projects]
27-Mar-2025 08:18:20.316 INFO [main] org.hibernate.Version.logVersion HHH000412: Hibernate ORM core version 5.6.15.Final
27-Mar-2025 08:18:21.019 INFO [main] org.hibernate.annotations.common.reflection.java.JavaReflectionManager.<clinit> HCANN000001: Hibernate Commons Annotations {5.1.2.Final}
27-Mar-2025 08:18:21.745 WARN [main] org.hibernate.engine.jdbc.connections.internal.DriverManagerConnectionProviderImpl.configure HHH10001002: Using Hibernate built-in connection pool (not for production use!)
27-Mar-2025 08:18:21.747 INFO [main] org.hibernate.engine.jdbc.connections.internal.DriverManagerConnectionProviderImpl.buildCreator HHH10001005: using driver [com.mysql.cj.jdbc.Driver] at URL [jdbc:mysql://localhost:3306/project1]
27-Mar-2025 08:18:21.747 INFO [main] org.hibernate.engine.jdbc.connections.internal.DriverManagerConnectionProviderImpl.buildCreator HHH10001001: Connection properties: {user=root, password=****}
27-Mar-2025 08:18:21.747 INFO [main] org.hibernate.engine.jdbc.connections.internal.DriverManagerConnectionProviderImpl.buildCreator HHH10001003: Autocommit mode: false
27-Mar-2025 08:18:21.759 INFO [main] org.hibernate.engine.jdbc.connections.internal.DriverManagerConnectionProviderImpl$PooledConnections.<init> HHH000115: Hibernate connection pool size: 20 (min=1)
27-Mar-2025 08:18:22.781 INFO [main] org.hibernate.dialect.Dialect.<init> HHH000400: Using dialect: org.hibernate.dialect.H2Dialect
27-Mar-2025 08:18:22.816 WARN [main] org.hibernate.dialect.H2Dialect.<init> HHH000431: Unable to determine H2 database version, certain features may not work
27-Mar-2025 08:18:25.200 INFO [main] org.hibernate.resource.transaction.backend.jdbc.internal.DdlTransactionIsolatorNonJtaImpl.getIsolatedConnection HHH10001501: Connection obtained from JdbcConnectionAccess [org.hibernate.engine.jdbc.env.internal.JdbcEnvironmentInitiator$ConnectionProviderJdbcConnectionAccess@2d05d022] for (non-JTA) DDL execution was not in auto-commit mode; the Connection 'local transaction' will be committed and the Connection will be set into auto-commit mode.
27-Mar-2025 08:18:25.325 INFO [main] org.hibernate.engine.transaction.jta.platform.internal.JtaPlatformInitiator.initiateService HHH000490: Using JtaPlatform implementation: [org.hibernate.engine.transaction.jta.platform.internal.NoJtaPlatform]
27-Mar-2025 08:18:26.634 INFO [main] org.springframework.web.servlet.FrameworkServlet.initServletBean Completed initialization in 7909 ms
27-Mar-2025 08:18:26.652 INFO [main] org.apache.catalina.startup.HostConfig.deployDescriptor Deployment of deployment descriptor [C:\Users\sujat\.SmartTomcat\xworkz_commonmodule_keerthi\xworkz_commonmodule_keerthi\conf\Catalina\localhost\xworkz_commonmodule_keerthi.xml] has finished in [12,766] ms
27-Mar-2025 08:18:26.658 INFO [main] org.apache.coyote.AbstractProtocol.start Starting ProtocolHandler ["http-nio-8080"]
27-Mar-2025 08:18:26.666 INFO [main] org.apache.catalina.startup.Catalina.start Server startup in [12857] milliseconds
27-Mar-2025 08:23:15.263 INFO [Thread-5] org.apache.coyote.AbstractProtocol.pause Pausing ProtocolHandler ["http-nio-8080"]
27-Mar-2025 08:23:15.425 INFO [Thread-5] org.apache.catalina.core.StandardService.stopInternal Stopping service [Catalina]
27-Mar-2025 08:23:15.437 WARNING [Thread-5] org.apache.catalina.loader.WebappClassLoaderBase.clearReferencesJdbc The web application [xworkz_commonmodule_keerthi] registered the JDBC driver [com.mysql.cj.jdbc.Driver] but failed to unregister it when the web application was stopped. To prevent a memory leak, the JDBC Driver has been forcibly unregistered.
27-Mar-2025 08:23:15.439 WARNING [Thread-5] org.apache.catalina.loader.WebappClassLoaderBase.clearReferencesThreads The web application [xworkz_commonmodule_keerthi] appears to have started a thread named [mysql-cj-abandoned-connection-cleanup] but has failed to stop it. This is very likely to create a memory leak. Stack trace of thread:
 java.lang.Object.wait(Native Method)
 java.lang.ref.ReferenceQueue.remove(ReferenceQueue.java:144)
 com.mysql.cj.jdbc.AbandonedConnectionCleanupThread.run(AbandonedConnectionCleanupThread.java:91)
 java.util.concurrent.ThreadPoolExecutor.runWorker(ThreadPoolExecutor.java:1149)
 java.util.concurrent.ThreadPoolExecutor$Worker.run(ThreadPoolExecutor.java:624)
 java.lang.Thread.run(Thread.java:748)
27-Mar-2025 08:23:15.439 WARNING [Thread-5] org.apache.catalina.loader.WebappClassLoaderBase.clearReferencesThreads The web application [xworkz_commonmodule_keerthi] appears to have started a thread named [Hibernate Connection Pool Validation Thread] but has failed to stop it. This is very likely to create a memory leak. Stack trace of thread:
 sun.misc.Unsafe.park(Native Method)
 java.util.concurrent.locks.LockSupport.parkNanos(LockSupport.java:215)
 java.util.concurrent.locks.AbstractQueuedSynchronizer$ConditionObject.awaitNanos(AbstractQueuedSynchronizer.java:2078)
 java.util.concurrent.ScheduledThreadPoolExecutor$DelayedWorkQueue.take(ScheduledThreadPoolExecutor.java:1093)
 java.util.concurrent.ScheduledThreadPoolExecutor$DelayedWorkQueue.take(ScheduledThreadPoolExecutor.java:809)
 java.util.concurrent.ThreadPoolExecutor.getTask(ThreadPoolExecutor.java:1074)
 java.util.concurrent.ThreadPoolExecutor.runWorker(ThreadPoolExecutor.java:1134)
 java.util.concurrent.ThreadPoolExecutor$Worker.run(ThreadPoolExecutor.java:624)
 java.lang.Thread.run(Thread.java:748)
27-Mar-2025 08:23:15.453 INFO [Thread-5] org.apache.coyote.AbstractProtocol.stop Stopping ProtocolHandler ["http-nio-8080"]
27-Mar-2025 08:23:15.474 INFO [Thread-5] org.apache.coyote.AbstractProtocol.destroy Destroying ProtocolHandler ["http-nio-8080"]
27-Mar-2025 08:23:22.097 INFO [main] org.apache.catalina.startup.VersionLoggerListener.log Server version name:   Apache Tomcat/9.0.38
27-Mar-2025 08:23:22.101 INFO [main] org.apache.catalina.startup.VersionLoggerListener.log Server built:          Sep 10 2020 08:20:30 UTC
27-Mar-2025 08:23:22.101 INFO [main] org.apache.catalina.startup.VersionLoggerListener.log Server version number: 9.0.38.0
27-Mar-2025 08:23:22.101 INFO [main] org.apache.catalina.startup.VersionLoggerListener.log OS Name:               Windows 10
27-Mar-2025 08:23:22.101 INFO [main] org.apache.catalina.startup.VersionLoggerListener.log OS Version:            10.0
27-Mar-2025 08:23:22.101 INFO [main] org.apache.catalina.startup.VersionLoggerListener.log Architecture:          amd64
27-Mar-2025 08:23:22.101 INFO [main] org.apache.catalina.startup.VersionLoggerListener.log Java Home:             C:\Program Files\Java\jdk1.8.0_261\jre
27-Mar-2025 08:23:22.101 INFO [main] org.apache.catalina.startup.VersionLoggerListener.log JVM Version:           1.8.0_261-b12
27-Mar-2025 08:23:22.101 INFO [main] org.apache.catalina.startup.VersionLoggerListener.log JVM Vendor:            Oracle Corporation
27-Mar-2025 08:23:22.101 INFO [main] org.apache.catalina.startup.VersionLoggerListener.log CATALINA_BASE:         C:\Users\sujat\.SmartTomcat\xworkz_commonmodule_keerthi\xworkz_commonmodule_keerthi
27-Mar-2025 08:23:22.101 INFO [main] org.apache.catalina.startup.VersionLoggerListener.log CATALINA_HOME:         C:\Users\sujat\Downloads\apache-tomcat-9.0.38-windows-x64\apache-tomcat-9.0.38
27-Mar-2025 08:23:22.103 INFO [main] org.apache.catalina.startup.VersionLoggerListener.log Command line argument: -Dcatalina.home=C:\Users\sujat\Downloads\apache-tomcat-9.0.38-windows-x64\apache-tomcat-9.0.38
27-Mar-2025 08:23:22.104 INFO [main] org.apache.catalina.startup.VersionLoggerListener.log Command line argument: -Dcatalina.base=C:\Users\sujat\.SmartTomcat\xworkz_commonmodule_keerthi\xworkz_commonmodule_keerthi
27-Mar-2025 08:23:22.104 INFO [main] org.apache.catalina.startup.VersionLoggerListener.log Command line argument: -Djava.io.tmpdir=C:\Users\sujat\.SmartTomcat\xworkz_commonmodule_keerthi\xworkz_commonmodule_keerthi\temp
27-Mar-2025 08:23:22.104 INFO [main] org.apache.catalina.startup.VersionLoggerListener.log Command line argument: -Djava.util.logging.config.file=C:\Users\sujat\.SmartTomcat\xworkz_commonmodule_keerthi\xworkz_commonmodule_keerthi\conf\logging.properties
27-Mar-2025 08:23:22.104 INFO [main] org.apache.catalina.startup.VersionLoggerListener.log Command line argument: -Djava.util.logging.manager=org.apache.juli.ClassLoaderLogManager
27-Mar-2025 08:23:22.104 INFO [main] org.apache.catalina.startup.VersionLoggerListener.log Command line argument: -javaagent:C:\Users\sujat\Downloads\ideaIC-2024.1.4.win\lib\idea_rt.jar=64545:C:\Users\sujat\Downloads\ideaIC-2024.1.4.win\bin
27-Mar-2025 08:23:22.104 INFO [main] org.apache.catalina.startup.VersionLoggerListener.log Command line argument: -Dfile.encoding=UTF-8
27-Mar-2025 08:23:22.109 INFO [main] org.apache.catalina.core.AprLifecycleListener.lifecycleEvent Loaded Apache Tomcat Native library [1.2.25] using APR version [1.7.0].
27-Mar-2025 08:23:22.109 INFO [main] org.apache.catalina.core.AprLifecycleListener.lifecycleEvent APR capabilities: IPv6 [true], sendfile [true], accept filters [false], random [true].
27-Mar-2025 08:23:22.109 INFO [main] org.apache.catalina.core.AprLifecycleListener.lifecycleEvent APR/OpenSSL configuration: useAprConnector [false], useOpenSSL [true]
27-Mar-2025 08:23:22.115 INFO [main] org.apache.catalina.core.AprLifecycleListener.initializeSSL OpenSSL successfully initialized [OpenSSL 1.1.1g  21 Apr 2020]
27-Mar-2025 08:23:22.623 INFO [main] org.apache.coyote.AbstractProtocol.init Initializing ProtocolHandler ["http-nio-8080"]
27-Mar-2025 08:23:22.927 INFO [main] org.apache.catalina.startup.Catalina.load Server initialization in [1079] milliseconds
27-Mar-2025 08:23:22.973 INFO [main] org.apache.catalina.core.StandardService.startInternal Starting service [Catalina]
27-Mar-2025 08:23:22.973 INFO [main] org.apache.catalina.core.StandardEngine.startInternal Starting Servlet engine: [Apache Tomcat/9.0.38]
27-Mar-2025 08:23:22.990 INFO [main] org.apache.catalina.startup.HostConfig.deployDescriptor Deploying deployment descriptor [C:\Users\sujat\.SmartTomcat\xworkz_commonmodule_keerthi\xworkz_commonmodule_keerthi\conf\Catalina\localhost\xworkz_commonmodule_keerthi.xml]
27-Mar-2025 08:23:27.286 INFO [main] org.apache.jasper.servlet.TldScanner.scanJars At least one JAR was scanned for TLDs yet contained no TLDs. Enable debug logging for this logger for a complete list of JARs that were scanned but no TLDs were found in them. Skipping unneeded JARs during scanning can improve startup time and JSP compilation time.
27-Mar-2025 08:23:27.476 INFO [main] org.springframework.web.servlet.FrameworkServlet.initServletBean Initializing Servlet 'dispatcher'
27-Mar-2025 08:23:28.737 INFO [main] org.hibernate.jpa.internal.util.LogHelper.logPersistenceUnitInformation HHH000204: Processing PersistenceUnitInfo [name: projects]
27-Mar-2025 08:23:29.032 INFO [main] org.hibernate.Version.logVersion HHH000412: Hibernate ORM core version 5.6.15.Final
27-Mar-2025 08:23:29.683 INFO [main] org.hibernate.annotations.common.reflection.java.JavaReflectionManager.<clinit> HCANN000001: Hibernate Commons Annotations {5.1.2.Final}
27-Mar-2025 08:23:30.332 WARN [main] org.hibernate.engine.jdbc.connections.internal.DriverManagerConnectionProviderImpl.configure HHH10001002: Using Hibernate built-in connection pool (not for production use!)
27-Mar-2025 08:23:30.344 INFO [main] org.hibernate.engine.jdbc.connections.internal.DriverManagerConnectionProviderImpl.buildCreator HHH10001005: using driver [com.mysql.cj.jdbc.Driver] at URL [jdbc:mysql://localhost:3306/project1]
27-Mar-2025 08:23:30.345 INFO [main] org.hibernate.engine.jdbc.connections.internal.DriverManagerConnectionProviderImpl.buildCreator HHH10001001: Connection properties: {user=root, password=****}
27-Mar-2025 08:23:30.345 INFO [main] org.hibernate.engine.jdbc.connections.internal.DriverManagerConnectionProviderImpl.buildCreator HHH10001003: Autocommit mode: false
27-Mar-2025 08:23:30.360 INFO [main] org.hibernate.engine.jdbc.connections.internal.DriverManagerConnectionProviderImpl$PooledConnections.<init> HHH000115: Hibernate connection pool size: 20 (min=1)
27-Mar-2025 08:23:31.248 INFO [main] org.hibernate.dialect.Dialect.<init> HHH000400: Using dialect: org.hibernate.dialect.H2Dialect
27-Mar-2025 08:23:31.272 WARN [main] org.hibernate.dialect.H2Dialect.<init> HHH000431: Unable to determine H2 database version, certain features may not work
27-Mar-2025 08:23:33.468 INFO [main] org.hibernate.resource.transaction.backend.jdbc.internal.DdlTransactionIsolatorNonJtaImpl.getIsolatedConnection HHH10001501: Connection obtained from JdbcConnectionAccess [org.hibernate.engine.jdbc.env.internal.JdbcEnvironmentInitiator$ConnectionProviderJdbcConnectionAccess@7b237c2c] for (non-JTA) DDL execution was not in auto-commit mode; the Connection 'local transaction' will be committed and the Connection will be set into auto-commit mode.
27-Mar-2025 08:23:33.588 INFO [main] org.hibernate.engine.transaction.jta.platform.internal.JtaPlatformInitiator.initiateService HHH000490: Using JtaPlatform implementation: [org.hibernate.engine.transaction.jta.platform.internal.NoJtaPlatform]
27-Mar-2025 08:23:34.875 INFO [main] org.springframework.web.servlet.FrameworkServlet.initServletBean Completed initialization in 7399 ms
27-Mar-2025 08:23:34.888 INFO [main] org.apache.catalina.startup.HostConfig.deployDescriptor Deployment of deployment descriptor [C:\Users\sujat\.SmartTomcat\xworkz_commonmodule_keerthi\xworkz_commonmodule_keerthi\conf\Catalina\localhost\xworkz_commonmodule_keerthi.xml] has finished in [11,898] ms
27-Mar-2025 08:23:34.891 INFO [main] org.apache.coyote.AbstractProtocol.start Starting ProtocolHandler ["http-nio-8080"]
27-Mar-2025 08:23:34.900 INFO [main] org.apache.catalina.startup.Catalina.start Server startup in [11973] milliseconds
27-Mar-2025 08:28:14.767 INFO [Thread-5] org.apache.coyote.AbstractProtocol.pause Pausing ProtocolHandler ["http-nio-8080"]
27-Mar-2025 08:28:14.950 INFO [Thread-5] org.apache.catalina.core.StandardService.stopInternal Stopping service [Catalina]
27-Mar-2025 08:28:14.978 WARNING [Thread-5] org.apache.catalina.loader.WebappClassLoaderBase.clearReferencesJdbc The web application [xworkz_commonmodule_keerthi] registered the JDBC driver [com.mysql.cj.jdbc.Driver] but failed to unregister it when the web application was stopped. To prevent a memory leak, the JDBC Driver has been forcibly unregistered.
27-Mar-2025 08:28:14.978 WARNING [Thread-5] org.apache.catalina.loader.WebappClassLoaderBase.clearReferencesThreads The web application [xworkz_commonmodule_keerthi] appears to have started a thread named [mysql-cj-abandoned-connection-cleanup] but has failed to stop it. This is very likely to create a memory leak. Stack trace of thread:
 java.lang.Object.wait(Native Method)
 java.lang.ref.ReferenceQueue.remove(ReferenceQueue.java:144)
 com.mysql.cj.jdbc.AbandonedConnectionCleanupThread.run(AbandonedConnectionCleanupThread.java:91)
 java.util.concurrent.ThreadPoolExecutor.runWorker(ThreadPoolExecutor.java:1149)
 java.util.concurrent.ThreadPoolExecutor$Worker.run(ThreadPoolExecutor.java:624)
 java.lang.Thread.run(Thread.java:748)
27-Mar-2025 08:28:14.979 WARNING [Thread-5] org.apache.catalina.loader.WebappClassLoaderBase.clearReferencesThreads The web application [xworkz_commonmodule_keerthi] appears to have started a thread named [Hibernate Connection Pool Validation Thread] but has failed to stop it. This is very likely to create a memory leak. Stack trace of thread:
 sun.misc.Unsafe.park(Native Method)
 java.util.concurrent.locks.LockSupport.parkNanos(LockSupport.java:215)
 java.util.concurrent.locks.AbstractQueuedSynchronizer$ConditionObject.awaitNanos(AbstractQueuedSynchronizer.java:2078)
 java.util.concurrent.ScheduledThreadPoolExecutor$DelayedWorkQueue.take(ScheduledThreadPoolExecutor.java:1093)
 java.util.concurrent.ScheduledThreadPoolExecutor$DelayedWorkQueue.take(ScheduledThreadPoolExecutor.java:809)
 java.util.concurrent.ThreadPoolExecutor.getTask(ThreadPoolExecutor.java:1074)
 java.util.concurrent.ThreadPoolExecutor.runWorker(ThreadPoolExecutor.java:1134)
 java.util.concurrent.ThreadPoolExecutor$Worker.run(ThreadPoolExecutor.java:624)
 java.lang.Thread.run(Thread.java:748)
27-Mar-2025 08:28:14.990 INFO [Thread-5] org.apache.coyote.AbstractProtocol.stop Stopping ProtocolHandler ["http-nio-8080"]
27-Mar-2025 08:28:14.998 INFO [Thread-5] org.apache.coyote.AbstractProtocol.destroy Destroying ProtocolHandler ["http-nio-8080"]
27-Mar-2025 08:28:21.542 INFO [main] org.apache.catalina.startup.VersionLoggerListener.log Server version name:   Apache Tomcat/9.0.38
27-Mar-2025 08:28:21.544 INFO [main] org.apache.catalina.startup.VersionLoggerListener.log Server built:          Sep 10 2020 08:20:30 UTC
27-Mar-2025 08:28:21.544 INFO [main] org.apache.catalina.startup.VersionLoggerListener.log Server version number: 9.0.38.0
27-Mar-2025 08:28:21.544 INFO [main] org.apache.catalina.startup.VersionLoggerListener.log OS Name:               Windows 10
27-Mar-2025 08:28:21.545 INFO [main] org.apache.catalina.startup.VersionLoggerListener.log OS Version:            10.0
27-Mar-2025 08:28:21.545 INFO [main] org.apache.catalina.startup.VersionLoggerListener.log Architecture:          amd64
27-Mar-2025 08:28:21.545 INFO [main] org.apache.catalina.startup.VersionLoggerListener.log Java Home:             C:\Program Files\Java\jdk1.8.0_261\jre
27-Mar-2025 08:28:21.545 INFO [main] org.apache.catalina.startup.VersionLoggerListener.log JVM Version:           1.8.0_261-b12
27-Mar-2025 08:28:21.545 INFO [main] org.apache.catalina.startup.VersionLoggerListener.log JVM Vendor:            Oracle Corporation
27-Mar-2025 08:28:21.545 INFO [main] org.apache.catalina.startup.VersionLoggerListener.log CATALINA_BASE:         C:\Users\sujat\.SmartTomcat\xworkz_commonmodule_keerthi\xworkz_commonmodule_keerthi
27-Mar-2025 08:28:21.545 INFO [main] org.apache.catalina.startup.VersionLoggerListener.log CATALINA_HOME:         C:\Users\sujat\Downloads\apache-tomcat-9.0.38-windows-x64\apache-tomcat-9.0.38
27-Mar-2025 08:28:21.555 INFO [main] org.apache.catalina.startup.VersionLoggerListener.log Command line argument: -Dcatalina.home=C:\Users\sujat\Downloads\apache-tomcat-9.0.38-windows-x64\apache-tomcat-9.0.38
27-Mar-2025 08:28:21.555 INFO [main] org.apache.catalina.startup.VersionLoggerListener.log Command line argument: -Dcatalina.base=C:\Users\sujat\.SmartTomcat\xworkz_commonmodule_keerthi\xworkz_commonmodule_keerthi
27-Mar-2025 08:28:21.555 INFO [main] org.apache.catalina.startup.VersionLoggerListener.log Command line argument: -Djava.io.tmpdir=C:\Users\sujat\.SmartTomcat\xworkz_commonmodule_keerthi\xworkz_commonmodule_keerthi\temp
27-Mar-2025 08:28:21.555 INFO [main] org.apache.catalina.startup.VersionLoggerListener.log Command line argument: -Djava.util.logging.config.file=C:\Users\sujat\.SmartTomcat\xworkz_commonmodule_keerthi\xworkz_commonmodule_keerthi\conf\logging.properties
27-Mar-2025 08:28:21.555 INFO [main] org.apache.catalina.startup.VersionLoggerListener.log Command line argument: -Djava.util.logging.manager=org.apache.juli.ClassLoaderLogManager
27-Mar-2025 08:28:21.555 INFO [main] org.apache.catalina.startup.VersionLoggerListener.log Command line argument: -javaagent:C:\Users\sujat\Downloads\ideaIC-2024.1.4.win\lib\idea_rt.jar=64790:C:\Users\sujat\Downloads\ideaIC-2024.1.4.win\bin
27-Mar-2025 08:28:21.556 INFO [main] org.apache.catalina.startup.VersionLoggerListener.log Command line argument: -Dfile.encoding=UTF-8
27-Mar-2025 08:28:21.561 INFO [main] org.apache.catalina.core.AprLifecycleListener.lifecycleEvent Loaded Apache Tomcat Native library [1.2.25] using APR version [1.7.0].
27-Mar-2025 08:28:21.561 INFO [main] org.apache.catalina.core.AprLifecycleListener.lifecycleEvent APR capabilities: IPv6 [true], sendfile [true], accept filters [false], random [true].
27-Mar-2025 08:28:21.561 INFO [main] org.apache.catalina.core.AprLifecycleListener.lifecycleEvent APR/OpenSSL configuration: useAprConnector [false], useOpenSSL [true]
27-Mar-2025 08:28:21.568 INFO [main] org.apache.catalina.core.AprLifecycleListener.initializeSSL OpenSSL successfully initialized [OpenSSL 1.1.1g  21 Apr 2020]
27-Mar-2025 08:28:22.078 INFO [main] org.apache.coyote.AbstractProtocol.init Initializing ProtocolHandler ["http-nio-8080"]
27-Mar-2025 08:28:22.304 INFO [main] org.apache.catalina.startup.Catalina.load Server initialization in [1025] milliseconds
27-Mar-2025 08:28:22.337 INFO [main] org.apache.catalina.core.StandardService.startInternal Starting service [Catalina]
27-Mar-2025 08:28:22.337 INFO [main] org.apache.catalina.core.StandardEngine.startInternal Starting Servlet engine: [Apache Tomcat/9.0.38]
27-Mar-2025 08:28:22.350 INFO [main] org.apache.catalina.startup.HostConfig.deployDescriptor Deploying deployment descriptor [C:\Users\sujat\.SmartTomcat\xworkz_commonmodule_keerthi\xworkz_commonmodule_keerthi\conf\Catalina\localhost\xworkz_commonmodule_keerthi.xml]
27-Mar-2025 08:28:26.540 INFO [main] org.apache.jasper.servlet.TldScanner.scanJars At least one JAR was scanned for TLDs yet contained no TLDs. Enable debug logging for this logger for a complete list of JARs that were scanned but no TLDs were found in them. Skipping unneeded JARs during scanning can improve startup time and JSP compilation time.
27-Mar-2025 08:28:26.738 INFO [main] org.springframework.web.servlet.FrameworkServlet.initServletBean Initializing Servlet 'dispatcher'
27-Mar-2025 08:28:28.023 INFO [main] org.hibernate.jpa.internal.util.LogHelper.logPersistenceUnitInformation HHH000204: Processing PersistenceUnitInfo [name: projects]
27-Mar-2025 08:28:28.372 INFO [main] org.hibernate.Version.logVersion HHH000412: Hibernate ORM core version 5.6.15.Final
27-Mar-2025 08:28:29.110 INFO [main] org.hibernate.annotations.common.reflection.java.JavaReflectionManager.<clinit> HCANN000001: Hibernate Commons Annotations {5.1.2.Final}
27-Mar-2025 08:28:29.787 WARN [main] org.hibernate.engine.jdbc.connections.internal.DriverManagerConnectionProviderImpl.configure HHH10001002: Using Hibernate built-in connection pool (not for production use!)
27-Mar-2025 08:28:29.801 INFO [main] org.hibernate.engine.jdbc.connections.internal.DriverManagerConnectionProviderImpl.buildCreator HHH10001005: using driver [com.mysql.cj.jdbc.Driver] at URL [jdbc:mysql://localhost:3306/project1]
27-Mar-2025 08:28:29.801 INFO [main] org.hibernate.engine.jdbc.connections.internal.DriverManagerConnectionProviderImpl.buildCreator HHH10001001: Connection properties: {user=root, password=****}
27-Mar-2025 08:28:29.801 INFO [main] org.hibernate.engine.jdbc.connections.internal.DriverManagerConnectionProviderImpl.buildCreator HHH10001003: Autocommit mode: false
27-Mar-2025 08:28:29.817 INFO [main] org.hibernate.engine.jdbc.connections.internal.DriverManagerConnectionProviderImpl$PooledConnections.<init> HHH000115: Hibernate connection pool size: 20 (min=1)
27-Mar-2025 08:28:30.692 INFO [main] org.hibernate.dialect.Dialect.<init> HHH000400: Using dialect: org.hibernate.dialect.H2Dialect
27-Mar-2025 08:28:30.718 WARN [main] org.hibernate.dialect.H2Dialect.<init> HHH000431: Unable to determine H2 database version, certain features may not work
27-Mar-2025 08:28:32.888 INFO [main] org.hibernate.resource.transaction.backend.jdbc.internal.DdlTransactionIsolatorNonJtaImpl.getIsolatedConnection HHH10001501: Connection obtained from JdbcConnectionAccess [org.hibernate.engine.jdbc.env.internal.JdbcEnvironmentInitiator$ConnectionProviderJdbcConnectionAccess@730a140b] for (non-JTA) DDL execution was not in auto-commit mode; the Connection 'local transaction' will be committed and the Connection will be set into auto-commit mode.
27-Mar-2025 08:28:33.010 INFO [main] org.hibernate.engine.transaction.jta.platform.internal.JtaPlatformInitiator.initiateService HHH000490: Using JtaPlatform implementation: [org.hibernate.engine.transaction.jta.platform.internal.NoJtaPlatform]
27-Mar-2025 08:28:34.112 INFO [main] org.springframework.web.servlet.FrameworkServlet.initServletBean Completed initialization in 7374 ms
27-Mar-2025 08:28:34.126 INFO [main] org.apache.catalina.startup.HostConfig.deployDescriptor Deployment of deployment descriptor [C:\Users\sujat\.SmartTomcat\xworkz_commonmodule_keerthi\xworkz_commonmodule_keerthi\conf\Catalina\localhost\xworkz_commonmodule_keerthi.xml] has finished in [11,775] ms
27-Mar-2025 08:28:34.130 INFO [main] org.apache.coyote.AbstractProtocol.start Starting ProtocolHandler ["http-nio-8080"]
27-Mar-2025 08:28:34.137 INFO [main] org.apache.catalina.startup.Catalina.start Server startup in [11833] milliseconds
27-Mar-2025 08:42:44.178 INFO [Thread-5] org.apache.coyote.AbstractProtocol.pause Pausing ProtocolHandler ["http-nio-8080"]
27-Mar-2025 08:42:44.335 INFO [Thread-5] org.apache.catalina.core.StandardService.stopInternal Stopping service [Catalina]
27-Mar-2025 08:42:44.353 WARNING [Thread-5] org.apache.catalina.loader.WebappClassLoaderBase.clearReferencesJdbc The web application [xworkz_commonmodule_keerthi] registered the JDBC driver [com.mysql.cj.jdbc.Driver] but failed to unregister it when the web application was stopped. To prevent a memory leak, the JDBC Driver has been forcibly unregistered.
27-Mar-2025 08:42:44.355 WARNING [Thread-5] org.apache.catalina.loader.WebappClassLoaderBase.clearReferencesThreads The web application [xworkz_commonmodule_keerthi] appears to have started a thread named [mysql-cj-abandoned-connection-cleanup] but has failed to stop it. This is very likely to create a memory leak. Stack trace of thread:
 java.lang.Object.wait(Native Method)
 java.lang.ref.ReferenceQueue.remove(ReferenceQueue.java:144)
 com.mysql.cj.jdbc.AbandonedConnectionCleanupThread.run(AbandonedConnectionCleanupThread.java:91)
 java.util.concurrent.ThreadPoolExecutor.runWorker(ThreadPoolExecutor.java:1149)
 java.util.concurrent.ThreadPoolExecutor$Worker.run(ThreadPoolExecutor.java:624)
 java.lang.Thread.run(Thread.java:748)
27-Mar-2025 08:42:44.355 WARNING [Thread-5] org.apache.catalina.loader.WebappClassLoaderBase.clearReferencesThreads The web application [xworkz_commonmodule_keerthi] appears to have started a thread named [Hibernate Connection Pool Validation Thread] but has failed to stop it. This is very likely to create a memory leak. Stack trace of thread:
 sun.misc.Unsafe.park(Native Method)
 java.util.concurrent.locks.LockSupport.parkNanos(LockSupport.java:215)
 java.util.concurrent.locks.AbstractQueuedSynchronizer$ConditionObject.awaitNanos(AbstractQueuedSynchronizer.java:2078)
 java.util.concurrent.ScheduledThreadPoolExecutor$DelayedWorkQueue.take(ScheduledThreadPoolExecutor.java:1093)
 java.util.concurrent.ScheduledThreadPoolExecutor$DelayedWorkQueue.take(ScheduledThreadPoolExecutor.java:809)
 java.util.concurrent.ThreadPoolExecutor.getTask(ThreadPoolExecutor.java:1074)
 java.util.concurrent.ThreadPoolExecutor.runWorker(ThreadPoolExecutor.java:1134)
 java.util.concurrent.ThreadPoolExecutor$Worker.run(ThreadPoolExecutor.java:624)
 java.lang.Thread.run(Thread.java:748)
27-Mar-2025 08:42:44.367 INFO [Thread-5] org.apache.coyote.AbstractProtocol.stop Stopping ProtocolHandler ["http-nio-8080"]
27-Mar-2025 08:42:44.385 INFO [Thread-5] org.apache.coyote.AbstractProtocol.destroy Destroying ProtocolHandler ["http-nio-8080"]
27-Mar-2025 08:42:46.622 INFO [main] org.apache.catalina.startup.VersionLoggerListener.log Server version name:   Apache Tomcat/9.0.38
27-Mar-2025 08:42:46.626 INFO [main] org.apache.catalina.startup.VersionLoggerListener.log Server built:          Sep 10 2020 08:20:30 UTC
27-Mar-2025 08:42:46.626 INFO [main] org.apache.catalina.startup.VersionLoggerListener.log Server version number: 9.0.38.0
27-Mar-2025 08:42:46.626 INFO [main] org.apache.catalina.startup.VersionLoggerListener.log OS Name:               Windows 10
27-Mar-2025 08:42:46.626 INFO [main] org.apache.catalina.startup.VersionLoggerListener.log OS Version:            10.0
27-Mar-2025 08:42:46.627 INFO [main] org.apache.catalina.startup.VersionLoggerListener.log Architecture:          amd64
27-Mar-2025 08:42:46.628 INFO [main] org.apache.catalina.startup.VersionLoggerListener.log Java Home:             C:\Program Files\Java\jdk1.8.0_261\jre
27-Mar-2025 08:42:46.628 INFO [main] org.apache.catalina.startup.VersionLoggerListener.log JVM Version:           1.8.0_261-b12
27-Mar-2025 08:42:46.628 INFO [main] org.apache.catalina.startup.VersionLoggerListener.log JVM Vendor:            Oracle Corporation
27-Mar-2025 08:42:46.628 INFO [main] org.apache.catalina.startup.VersionLoggerListener.log CATALINA_BASE:         C:\Users\sujat\.SmartTomcat\xworkz_commonmodule_keerthi\xworkz_commonmodule_keerthi
27-Mar-2025 08:42:46.628 INFO [main] org.apache.catalina.startup.VersionLoggerListener.log CATALINA_HOME:         C:\Users\sujat\Downloads\apache-tomcat-9.0.38-windows-x64\apache-tomcat-9.0.38
27-Mar-2025 08:42:46.632 INFO [main] org.apache.catalina.startup.VersionLoggerListener.log Command line argument: -Dcatalina.home=C:\Users\sujat\Downloads\apache-tomcat-9.0.38-windows-x64\apache-tomcat-9.0.38
27-Mar-2025 08:42:46.632 INFO [main] org.apache.catalina.startup.VersionLoggerListener.log Command line argument: -Dcatalina.base=C:\Users\sujat\.SmartTomcat\xworkz_commonmodule_keerthi\xworkz_commonmodule_keerthi
27-Mar-2025 08:42:46.632 INFO [main] org.apache.catalina.startup.VersionLoggerListener.log Command line argument: -Djava.io.tmpdir=C:\Users\sujat\.SmartTomcat\xworkz_commonmodule_keerthi\xworkz_commonmodule_keerthi\temp
27-Mar-2025 08:42:46.632 INFO [main] org.apache.catalina.startup.VersionLoggerListener.log Command line argument: -Djava.util.logging.config.file=C:\Users\sujat\.SmartTomcat\xworkz_commonmodule_keerthi\xworkz_commonmodule_keerthi\conf\logging.properties
27-Mar-2025 08:42:46.632 INFO [main] org.apache.catalina.startup.VersionLoggerListener.log Command line argument: -Djava.util.logging.manager=org.apache.juli.ClassLoaderLogManager
27-Mar-2025 08:42:46.632 INFO [main] org.apache.catalina.startup.VersionLoggerListener.log Command line argument: -javaagent:C:\Users\sujat\Downloads\ideaIC-2024.1.4.win\lib\idea_rt.jar=64862:C:\Users\sujat\Downloads\ideaIC-2024.1.4.win\bin
27-Mar-2025 08:42:46.632 INFO [main] org.apache.catalina.startup.VersionLoggerListener.log Command line argument: -Dfile.encoding=UTF-8
27-Mar-2025 08:42:46.638 INFO [main] org.apache.catalina.core.AprLifecycleListener.lifecycleEvent Loaded Apache Tomcat Native library [1.2.25] using APR version [1.7.0].
27-Mar-2025 08:42:46.638 INFO [main] org.apache.catalina.core.AprLifecycleListener.lifecycleEvent APR capabilities: IPv6 [true], sendfile [true], accept filters [false], random [true].
27-Mar-2025 08:42:46.638 INFO [main] org.apache.catalina.core.AprLifecycleListener.lifecycleEvent APR/OpenSSL configuration: useAprConnector [false], useOpenSSL [true]
27-Mar-2025 08:42:46.645 INFO [main] org.apache.catalina.core.AprLifecycleListener.initializeSSL OpenSSL successfully initialized [OpenSSL 1.1.1g  21 Apr 2020]
27-Mar-2025 08:42:47.303 INFO [main] org.apache.coyote.AbstractProtocol.init Initializing ProtocolHandler ["http-nio-8080"]
27-Mar-2025 08:42:47.522 INFO [main] org.apache.catalina.startup.Catalina.load Server initialization in [1221] milliseconds
27-Mar-2025 08:42:47.564 INFO [main] org.apache.catalina.core.StandardService.startInternal Starting service [Catalina]
27-Mar-2025 08:42:47.564 INFO [main] org.apache.catalina.core.StandardEngine.startInternal Starting Servlet engine: [Apache Tomcat/9.0.38]
27-Mar-2025 08:42:47.575 INFO [main] org.apache.catalina.startup.HostConfig.deployDescriptor Deploying deployment descriptor [C:\Users\sujat\.SmartTomcat\xworkz_commonmodule_keerthi\xworkz_commonmodule_keerthi\conf\Catalina\localhost\xworkz_commonmodule_keerthi.xml]
27-Mar-2025 08:42:51.751 INFO [main] org.apache.jasper.servlet.TldScanner.scanJars At least one JAR was scanned for TLDs yet contained no TLDs. Enable debug logging for this logger for a complete list of JARs that were scanned but no TLDs were found in them. Skipping unneeded JARs during scanning can improve startup time and JSP compilation time.
27-Mar-2025 08:42:51.993 INFO [main] org.springframework.web.servlet.FrameworkServlet.initServletBean Initializing Servlet 'dispatcher'
27-Mar-2025 08:42:53.926 INFO [main] org.hibernate.jpa.internal.util.LogHelper.logPersistenceUnitInformation HHH000204: Processing PersistenceUnitInfo [name: projects]
27-Mar-2025 08:42:54.251 INFO [main] org.hibernate.Version.logVersion HHH000412: Hibernate ORM core version 5.6.15.Final
27-Mar-2025 08:42:55.070 INFO [main] org.hibernate.annotations.common.reflection.java.JavaReflectionManager.<clinit> HCANN000001: Hibernate Commons Annotations {5.1.2.Final}
27-Mar-2025 08:42:56.048 WARN [main] org.hibernate.engine.jdbc.connections.internal.DriverManagerConnectionProviderImpl.configure HHH10001002: Using Hibernate built-in connection pool (not for production use!)
27-Mar-2025 08:42:56.063 INFO [main] org.hibernate.engine.jdbc.connections.internal.DriverManagerConnectionProviderImpl.buildCreator HHH10001005: using driver [com.mysql.cj.jdbc.Driver] at URL [jdbc:mysql://localhost:3306/project1]
27-Mar-2025 08:42:56.064 INFO [main] org.hibernate.engine.jdbc.connections.internal.DriverManagerConnectionProviderImpl.buildCreator HHH10001001: Connection properties: {user=root, password=****}
27-Mar-2025 08:42:56.064 INFO [main] org.hibernate.engine.jdbc.connections.internal.DriverManagerConnectionProviderImpl.buildCreator HHH10001003: Autocommit mode: false
27-Mar-2025 08:42:56.079 INFO [main] org.hibernate.engine.jdbc.connections.internal.DriverManagerConnectionProviderImpl$PooledConnections.<init> HHH000115: Hibernate connection pool size: 20 (min=1)
27-Mar-2025 08:42:57.110 INFO [main] org.hibernate.dialect.Dialect.<init> HHH000400: Using dialect: org.hibernate.dialect.H2Dialect
27-Mar-2025 08:42:57.135 WARN [main] org.hibernate.dialect.H2Dialect.<init> HHH000431: Unable to determine H2 database version, certain features may not work
27-Mar-2025 08:42:59.313 INFO [main] org.hibernate.resource.transaction.backend.jdbc.internal.DdlTransactionIsolatorNonJtaImpl.getIsolatedConnection HHH10001501: Connection obtained from JdbcConnectionAccess [org.hibernate.engine.jdbc.env.internal.JdbcEnvironmentInitiator$ConnectionProviderJdbcConnectionAccess@730a140b] for (non-JTA) DDL execution was not in auto-commit mode; the Connection 'local transaction' will be committed and the Connection will be set into auto-commit mode.
27-Mar-2025 08:42:59.445 INFO [main] org.hibernate.engine.transaction.jta.platform.internal.JtaPlatformInitiator.initiateService HHH000490: Using JtaPlatform implementation: [org.hibernate.engine.transaction.jta.platform.internal.NoJtaPlatform]
27-Mar-2025 08:43:00.567 INFO [main] org.springframework.web.servlet.FrameworkServlet.initServletBean Completed initialization in 8574 ms
27-Mar-2025 08:43:00.582 INFO [main] org.apache.catalina.startup.HostConfig.deployDescriptor Deployment of deployment descriptor [C:\Users\sujat\.SmartTomcat\xworkz_commonmodule_keerthi\xworkz_commonmodule_keerthi\conf\Catalina\localhost\xworkz_commonmodule_keerthi.xml] has finished in [13,006] ms
27-Mar-2025 08:43:00.585 INFO [main] org.apache.coyote.AbstractProtocol.start Starting ProtocolHandler ["http-nio-8080"]
27-Mar-2025 08:43:00.594 INFO [main] org.apache.catalina.startup.Catalina.start Server startup in [13071] milliseconds
27-Mar-2025 08:45:36.621 INFO [Thread-5] org.apache.coyote.AbstractProtocol.pause Pausing ProtocolHandler ["http-nio-8080"]
27-Mar-2025 08:45:36.875 INFO [Thread-5] org.apache.catalina.core.StandardService.stopInternal Stopping service [Catalina]
27-Mar-2025 08:45:36.896 WARNING [Thread-5] org.apache.catalina.loader.WebappClassLoaderBase.clearReferencesJdbc The web application [xworkz_commonmodule_keerthi] registered the JDBC driver [com.mysql.cj.jdbc.Driver] but failed to unregister it when the web application was stopped. To prevent a memory leak, the JDBC Driver has been forcibly unregistered.
27-Mar-2025 08:45:36.897 WARNING [Thread-5] org.apache.catalina.loader.WebappClassLoaderBase.clearReferencesThreads The web application [xworkz_commonmodule_keerthi] appears to have started a thread named [mysql-cj-abandoned-connection-cleanup] but has failed to stop it. This is very likely to create a memory leak. Stack trace of thread:
 java.lang.Object.wait(Native Method)
 java.lang.ref.ReferenceQueue.remove(ReferenceQueue.java:144)
 com.mysql.cj.jdbc.AbandonedConnectionCleanupThread.run(AbandonedConnectionCleanupThread.java:91)
 java.util.concurrent.ThreadPoolExecutor.runWorker(ThreadPoolExecutor.java:1149)
 java.util.concurrent.ThreadPoolExecutor$Worker.run(ThreadPoolExecutor.java:624)
 java.lang.Thread.run(Thread.java:748)
27-Mar-2025 08:45:36.897 WARNING [Thread-5] org.apache.catalina.loader.WebappClassLoaderBase.clearReferencesThreads The web application [xworkz_commonmodule_keerthi] appears to have started a thread named [Hibernate Connection Pool Validation Thread] but has failed to stop it. This is very likely to create a memory leak. Stack trace of thread:
 sun.misc.Unsafe.park(Native Method)
 java.util.concurrent.locks.LockSupport.parkNanos(LockSupport.java:215)
 java.util.concurrent.locks.AbstractQueuedSynchronizer$ConditionObject.awaitNanos(AbstractQueuedSynchronizer.java:2078)
 java.util.concurrent.ScheduledThreadPoolExecutor$DelayedWorkQueue.take(ScheduledThreadPoolExecutor.java:1093)
 java.util.concurrent.ScheduledThreadPoolExecutor$DelayedWorkQueue.take(ScheduledThreadPoolExecutor.java:809)
 java.util.concurrent.ThreadPoolExecutor.getTask(ThreadPoolExecutor.java:1074)
 java.util.concurrent.ThreadPoolExecutor.runWorker(ThreadPoolExecutor.java:1134)
 java.util.concurrent.ThreadPoolExecutor$Worker.run(ThreadPoolExecutor.java:624)
 java.lang.Thread.run(Thread.java:748)
27-Mar-2025 08:45:36.910 INFO [Thread-5] org.apache.coyote.AbstractProtocol.stop Stopping ProtocolHandler ["http-nio-8080"]
27-Mar-2025 08:45:36.923 INFO [Thread-5] org.apache.coyote.AbstractProtocol.destroy Destroying ProtocolHandler ["http-nio-8080"]
27-Mar-2025 08:45:43.145 INFO [main] org.apache.catalina.startup.VersionLoggerListener.log Server version name:   Apache Tomcat/9.0.38
27-Mar-2025 08:45:43.148 INFO [main] org.apache.catalina.startup.VersionLoggerListener.log Server built:          Sep 10 2020 08:20:30 UTC
27-Mar-2025 08:45:43.148 INFO [main] org.apache.catalina.startup.VersionLoggerListener.log Server version number: 9.0.38.0
27-Mar-2025 08:45:43.148 INFO [main] org.apache.catalina.startup.VersionLoggerListener.log OS Name:               Windows 10
27-Mar-2025 08:45:43.148 INFO [main] org.apache.catalina.startup.VersionLoggerListener.log OS Version:            10.0
27-Mar-2025 08:45:43.148 INFO [main] org.apache.catalina.startup.VersionLoggerListener.log Architecture:          amd64
27-Mar-2025 08:45:43.149 INFO [main] org.apache.catalina.startup.VersionLoggerListener.log Java Home:             C:\Program Files\Java\jdk1.8.0_261\jre
27-Mar-2025 08:45:43.149 INFO [main] org.apache.catalina.startup.VersionLoggerListener.log JVM Version:           1.8.0_261-b12
27-Mar-2025 08:45:43.149 INFO [main] org.apache.catalina.startup.VersionLoggerListener.log JVM Vendor:            Oracle Corporation
27-Mar-2025 08:45:43.149 INFO [main] org.apache.catalina.startup.VersionLoggerListener.log CATALINA_BASE:         C:\Users\sujat\.SmartTomcat\xworkz_commonmodule_keerthi\xworkz_commonmodule_keerthi
27-Mar-2025 08:45:43.149 INFO [main] org.apache.catalina.startup.VersionLoggerListener.log CATALINA_HOME:         C:\Users\sujat\Downloads\apache-tomcat-9.0.38-windows-x64\apache-tomcat-9.0.38
27-Mar-2025 08:45:43.151 INFO [main] org.apache.catalina.startup.VersionLoggerListener.log Command line argument: -Dcatalina.home=C:\Users\sujat\Downloads\apache-tomcat-9.0.38-windows-x64\apache-tomcat-9.0.38
27-Mar-2025 08:45:43.152 INFO [main] org.apache.catalina.startup.VersionLoggerListener.log Command line argument: -Dcatalina.base=C:\Users\sujat\.SmartTomcat\xworkz_commonmodule_keerthi\xworkz_commonmodule_keerthi
27-Mar-2025 08:45:43.152 INFO [main] org.apache.catalina.startup.VersionLoggerListener.log Command line argument: -Djava.io.tmpdir=C:\Users\sujat\.SmartTomcat\xworkz_commonmodule_keerthi\xworkz_commonmodule_keerthi\temp
27-Mar-2025 08:45:43.152 INFO [main] org.apache.catalina.startup.VersionLoggerListener.log Command line argument: -Djava.util.logging.config.file=C:\Users\sujat\.SmartTomcat\xworkz_commonmodule_keerthi\xworkz_commonmodule_keerthi\conf\logging.properties
27-Mar-2025 08:45:43.152 INFO [main] org.apache.catalina.startup.VersionLoggerListener.log Command line argument: -Djava.util.logging.manager=org.apache.juli.ClassLoaderLogManager
27-Mar-2025 08:45:43.152 INFO [main] org.apache.catalina.startup.VersionLoggerListener.log Command line argument: -javaagent:C:\Users\sujat\Downloads\ideaIC-2024.1.4.win\lib\idea_rt.jar=64952:C:\Users\sujat\Downloads\ideaIC-2024.1.4.win\bin
27-Mar-2025 08:45:43.152 INFO [main] org.apache.catalina.startup.VersionLoggerListener.log Command line argument: -Dfile.encoding=UTF-8
27-Mar-2025 08:45:43.157 INFO [main] org.apache.catalina.core.AprLifecycleListener.lifecycleEvent Loaded Apache Tomcat Native library [1.2.25] using APR version [1.7.0].
27-Mar-2025 08:45:43.157 INFO [main] org.apache.catalina.core.AprLifecycleListener.lifecycleEvent APR capabilities: IPv6 [true], sendfile [true], accept filters [false], random [true].
27-Mar-2025 08:45:43.157 INFO [main] org.apache.catalina.core.AprLifecycleListener.lifecycleEvent APR/OpenSSL configuration: useAprConnector [false], useOpenSSL [true]
27-Mar-2025 08:45:43.164 INFO [main] org.apache.catalina.core.AprLifecycleListener.initializeSSL OpenSSL successfully initialized [OpenSSL 1.1.1g  21 Apr 2020]
27-Mar-2025 08:45:43.661 INFO [main] org.apache.coyote.AbstractProtocol.init Initializing ProtocolHandler ["http-nio-8080"]
27-Mar-2025 08:45:43.915 INFO [main] org.apache.catalina.startup.Catalina.load Server initialization in [1037] milliseconds
27-Mar-2025 08:45:43.945 INFO [main] org.apache.catalina.core.StandardService.startInternal Starting service [Catalina]
27-Mar-2025 08:45:43.945 INFO [main] org.apache.catalina.core.StandardEngine.startInternal Starting Servlet engine: [Apache Tomcat/9.0.38]
27-Mar-2025 08:45:43.957 INFO [main] org.apache.catalina.startup.HostConfig.deployDescriptor Deploying deployment descriptor [C:\Users\sujat\.SmartTomcat\xworkz_commonmodule_keerthi\xworkz_commonmodule_keerthi\conf\Catalina\localhost\xworkz_commonmodule_keerthi.xml]
27-Mar-2025 08:45:48.067 INFO [main] org.apache.jasper.servlet.TldScanner.scanJars At least one JAR was scanned for TLDs yet contained no TLDs. Enable debug logging for this logger for a complete list of JARs that were scanned but no TLDs were found in them. Skipping unneeded JARs during scanning can improve startup time and JSP compilation time.
27-Mar-2025 08:45:48.344 INFO [main] org.springframework.web.servlet.FrameworkServlet.initServletBean Initializing Servlet 'dispatcher'
27-Mar-2025 08:45:49.613 INFO [main] org.hibernate.jpa.internal.util.LogHelper.logPersistenceUnitInformation HHH000204: Processing PersistenceUnitInfo [name: projects]
27-Mar-2025 08:45:49.859 INFO [main] org.hibernate.Version.logVersion HHH000412: Hibernate ORM core version 5.6.15.Final
27-Mar-2025 08:45:50.515 INFO [main] org.hibernate.annotations.common.reflection.java.JavaReflectionManager.<clinit> HCANN000001: Hibernate Commons Annotations {5.1.2.Final}
27-Mar-2025 08:45:51.164 WARN [main] org.hibernate.engine.jdbc.connections.internal.DriverManagerConnectionProviderImpl.configure HHH10001002: Using Hibernate built-in connection pool (not for production use!)
27-Mar-2025 08:45:51.177 INFO [main] org.hibernate.engine.jdbc.connections.internal.DriverManagerConnectionProviderImpl.buildCreator HHH10001005: using driver [com.mysql.cj.jdbc.Driver] at URL [jdbc:mysql://localhost:3306/project1]
27-Mar-2025 08:45:51.178 INFO [main] org.hibernate.engine.jdbc.connections.internal.DriverManagerConnectionProviderImpl.buildCreator HHH10001001: Connection properties: {user=root, password=****}
27-Mar-2025 08:45:51.178 INFO [main] org.hibernate.engine.jdbc.connections.internal.DriverManagerConnectionProviderImpl.buildCreator HHH10001003: Autocommit mode: false
27-Mar-2025 08:45:51.194 INFO [main] org.hibernate.engine.jdbc.connections.internal.DriverManagerConnectionProviderImpl$PooledConnections.<init> HHH000115: Hibernate connection pool size: 20 (min=1)
27-Mar-2025 08:45:52.159 INFO [main] org.hibernate.dialect.Dialect.<init> HHH000400: Using dialect: org.hibernate.dialect.H2Dialect
27-Mar-2025 08:45:52.189 WARN [main] org.hibernate.dialect.H2Dialect.<init> HHH000431: Unable to determine H2 database version, certain features may not work
27-Mar-2025 08:45:54.329 INFO [main] org.hibernate.resource.transaction.backend.jdbc.internal.DdlTransactionIsolatorNonJtaImpl.getIsolatedConnection HHH10001501: Connection obtained from JdbcConnectionAccess [org.hibernate.engine.jdbc.env.internal.JdbcEnvironmentInitiator$ConnectionProviderJdbcConnectionAccess@730a140b] for (non-JTA) DDL execution was not in auto-commit mode; the Connection 'local transaction' will be committed and the Connection will be set into auto-commit mode.
27-Mar-2025 08:45:54.459 INFO [main] org.hibernate.engine.transaction.jta.platform.internal.JtaPlatformInitiator.initiateService HHH000490: Using JtaPlatform implementation: [org.hibernate.engine.transaction.jta.platform.internal.NoJtaPlatform]
27-Mar-2025 08:45:55.543 INFO [main] org.springframework.web.servlet.FrameworkServlet.initServletBean Completed initialization in 7198 ms
27-Mar-2025 08:45:55.557 INFO [main] org.apache.catalina.startup.HostConfig.deployDescriptor Deployment of deployment descriptor [C:\Users\sujat\.SmartTomcat\xworkz_commonmodule_keerthi\xworkz_commonmodule_keerthi\conf\Catalina\localhost\xworkz_commonmodule_keerthi.xml] has finished in [11,599] ms
27-Mar-2025 08:45:55.560 INFO [main] org.apache.coyote.AbstractProtocol.start Starting ProtocolHandler ["http-nio-8080"]
27-Mar-2025 08:45:55.568 INFO [main] org.apache.catalina.startup.Catalina.start Server startup in [11653] milliseconds
