17-Mar-2025 09:10:21.410 INFO [main] org.apache.catalina.core.ApplicationContext.log 1 Spring WebApplicationInitializers detected on classpath
17-Mar-2025 09:10:21.568 INFO [main] org.apache.catalina.core.ApplicationContext.log Initializing Spring DispatcherServlet 'dispatcher'
17-Mar-2025 09:14:20.259 INFO [Thread-5] org.apache.catalina.core.ApplicationContext.log Destroying Spring FrameworkServlet 'dispatcher'
17-Mar-2025 09:14:28.624 INFO [main] org.apache.catalina.core.ApplicationContext.log 1 Spring WebApplicationInitializers detected on classpath
17-Mar-2025 09:14:28.817 INFO [main] org.apache.catalina.core.ApplicationContext.log Initializing Spring DispatcherServlet 'dispatcher'
17-Mar-2025 09:16:22.619 INFO [Thread-5] org.apache.catalina.core.ApplicationContext.log Destroying Spring FrameworkServlet 'dispatcher'
17-Mar-2025 09:16:34.299 INFO [main] org.apache.catalina.core.ApplicationContext.log 1 Spring WebApplicationInitializers detected on classpath
17-Mar-2025 09:16:34.458 INFO [main] org.apache.catalina.core.ApplicationContext.log Initializing Spring DispatcherServlet 'dispatcher'
17-Mar-2025 09:18:16.999 INFO [Thread-5] org.apache.catalina.core.ApplicationContext.log Destroying Spring FrameworkServlet 'dispatcher'
17-Mar-2025 09:18:24.512 INFO [main] org.apache.catalina.core.ApplicationContext.log 1 Spring WebApplicationInitializers detected on classpath
17-Mar-2025 09:18:24.688 INFO [main] org.apache.catalina.core.ApplicationContext.log Initializing Spring DispatcherServlet 'dispatcher'
17-Mar-2025 09:21:49.939 INFO [Thread-5] org.apache.catalina.core.ApplicationContext.log Destroying Spring FrameworkServlet 'dispatcher'
17-Mar-2025 09:22:00.936 INFO [main] org.apache.catalina.core.ApplicationContext.log 1 Spring WebApplicationInitializers detected on classpath
17-Mar-2025 09:22:01.083 INFO [main] org.apache.catalina.core.ApplicationContext.log Initializing Spring DispatcherServlet 'dispatcher'
17-Mar-2025 09:24:32.409 INFO [Thread-5] org.apache.catalina.core.ApplicationContext.log Destroying Spring FrameworkServlet 'dispatcher'
17-Mar-2025 09:24:43.184 INFO [main] org.apache.catalina.core.ApplicationContext.log 1 Spring WebApplicationInitializers detected on classpath
17-Mar-2025 09:24:43.330 INFO [main] org.apache.catalina.core.ApplicationContext.log Initializing Spring DispatcherServlet 'dispatcher'
17-Mar-2025 09:28:38.948 INFO [Thread-5] org.apache.catalina.core.ApplicationContext.log Destroying Spring FrameworkServlet 'dispatcher'
17-Mar-2025 09:28:47.050 INFO [main] org.apache.catalina.core.ApplicationContext.log 1 Spring WebApplicationInitializers detected on classpath
17-Mar-2025 09:28:47.241 INFO [main] org.apache.catalina.core.ApplicationContext.log Initializing Spring DispatcherServlet 'dispatcher'
17-Mar-2025 09:32:07.197 INFO [Thread-5] org.apache.catalina.core.ApplicationContext.log Destroying Spring FrameworkServlet 'dispatcher'
17-Mar-2025 09:32:18.024 INFO [main] org.apache.catalina.core.ApplicationContext.log 1 Spring WebApplicationInitializers detected on classpath
17-Mar-2025 09:32:18.192 INFO [main] org.apache.catalina.core.ApplicationContext.log Initializing Spring DispatcherServlet 'dispatcher'
17-Mar-2025 09:44:09.375 INFO [Thread-5] org.apache.catalina.core.ApplicationContext.log Destroying Spring FrameworkServlet 'dispatcher'
17-Mar-2025 09:44:23.307 INFO [main] org.apache.catalina.core.ApplicationContext.log 1 Spring WebApplicationInitializers detected on classpath
17-Mar-2025 09:44:23.464 INFO [main] org.apache.catalina.core.ApplicationContext.log Initializing Spring DispatcherServlet 'dispatcher'
17-Mar-2025 09:48:23.708 INFO [Thread-5] org.apache.catalina.core.ApplicationContext.log Destroying Spring FrameworkServlet 'dispatcher'
17-Mar-2025 09:48:35.558 INFO [main] org.apache.catalina.core.ApplicationContext.log 1 Spring WebApplicationInitializers detected on classpath
17-Mar-2025 09:48:35.713 INFO [main] org.apache.catalina.core.ApplicationContext.log Initializing Spring DispatcherServlet 'dispatcher'
17-Mar-2025 09:51:46.172 INFO [Thread-5] org.apache.catalina.core.ApplicationContext.log Destroying Spring FrameworkServlet 'dispatcher'
17-Mar-2025 09:51:57.724 INFO [main] org.apache.catalina.core.ApplicationContext.log 1 Spring WebApplicationInitializers detected on classpath
17-Mar-2025 09:51:57.881 INFO [main] org.apache.catalina.core.ApplicationContext.log Initializing Spring DispatcherServlet 'dispatcher'
17-Mar-2025 09:55:42.965 INFO [Thread-5] org.apache.catalina.core.ApplicationContext.log Destroying Spring FrameworkServlet 'dispatcher'
17-Mar-2025 09:55:50.316 INFO [main] org.apache.catalina.core.ApplicationContext.log 1 Spring WebApplicationInitializers detected on classpath
17-Mar-2025 09:55:50.527 INFO [main] org.apache.catalina.core.ApplicationContext.log Initializing Spring DispatcherServlet 'dispatcher'
17-Mar-2025 10:00:48.440 INFO [Thread-5] org.apache.catalina.core.ApplicationContext.log Destroying Spring FrameworkServlet 'dispatcher'
17-Mar-2025 10:01:00.529 INFO [main] org.apache.catalina.core.ApplicationContext.log 1 Spring WebApplicationInitializers detected on classpath
17-Mar-2025 10:01:00.686 INFO [main] org.apache.catalina.core.ApplicationContext.log Initializing Spring DispatcherServlet 'dispatcher'
17-Mar-2025 10:01:07.485 SEVERE [main] org.apache.catalina.core.ApplicationContext.log Servlet.init() for servlet [dispatcher] threw exception
	org.springframework.beans.factory.UnsatisfiedDependencyException: Error creating bean with name 'projectController': Unsatisfied dependency expressed through field 'projectService'; nested exception is org.springframework.beans.factory.UnsatisfiedDependencyException: Error creating bean with name 'projectServiceImpl': Unsatisfied dependency expressed through field 'projectRepo'; nested exception is org.springframework.beans.factory.BeanCreationException: Error creating bean with name 'projectRepoImpl' defined in file [C:\Users\sujat\Desktop\JDBC\xworkz_commonmodule_keerthi\target\classes\com\xworkz\projectapp\repo\ProjectRepoImpl.class]: Instantiation of bean failed; nested exception is java.lang.ExceptionInInitializerError
		at org.springframework.beans.factory.annotation.AutowiredAnnotationBeanPostProcessor$AutowiredFieldElement.resolveFieldValue(AutowiredAnnotationBeanPostProcessor.java:713)
		at org.springframework.beans.factory.annotation.AutowiredAnnotationBeanPostProcessor$AutowiredFieldElement.inject(AutowiredAnnotationBeanPostProcessor.java:693)
		at org.springframework.beans.factory.annotation.InjectionMetadata.inject(InjectionMetadata.java:119)
		at org.springframework.beans.factory.annotation.AutowiredAnnotationBeanPostProcessor.postProcessProperties(AutowiredAnnotationBeanPostProcessor.java:408)
		at org.springframework.beans.factory.support.AbstractAutowireCapableBeanFactory.populateBean(AbstractAutowireCapableBeanFactory.java:1431)
		at org.springframework.beans.factory.support.AbstractAutowireCapableBeanFactory.doCreateBean(AbstractAutowireCapableBeanFactory.java:619)
		at org.springframework.beans.factory.support.AbstractAutowireCapableBeanFactory.createBean(AbstractAutowireCapableBeanFactory.java:542)
		at org.springframework.beans.factory.support.AbstractBeanFactory.lambda$doGetBean$0(AbstractBeanFactory.java:335)
		at org.springframework.beans.factory.support.DefaultSingletonBeanRegistry.getSingleton(DefaultSingletonBeanRegistry.java:234)
		at org.springframework.beans.factory.support.AbstractBeanFactory.doGetBean(AbstractBeanFactory.java:333)
		at org.springframework.beans.factory.support.AbstractBeanFactory.getBean(AbstractBeanFactory.java:208)
		at org.springframework.beans.factory.support.DefaultListableBeanFactory.preInstantiateSingletons(DefaultListableBeanFactory.java:955)
		at org.springframework.context.support.AbstractApplicationContext.finishBeanFactoryInitialization(AbstractApplicationContext.java:929)
		at org.springframework.context.support.AbstractApplicationContext.refresh(AbstractApplicationContext.java:591)
		at org.springframework.web.servlet.FrameworkServlet.configureAndRefreshWebApplicationContext(FrameworkServlet.java:702)
		at org.springframework.web.servlet.FrameworkServlet.initWebApplicationContext(FrameworkServlet.java:578)
		at org.springframework.web.servlet.FrameworkServlet.initServletBean(FrameworkServlet.java:530)
		at org.springframework.web.servlet.HttpServletBean.init(HttpServletBean.java:170)
		at javax.servlet.GenericServlet.init(GenericServlet.java:158)
		at org.apache.catalina.core.StandardWrapper.initServlet(StandardWrapper.java:1134)
		at org.apache.catalina.core.StandardWrapper.load(StandardWrapper.java:986)
		at org.apache.catalina.core.StandardContext.loadOnStartup(StandardContext.java:4864)
		at org.apache.catalina.core.StandardContext.startInternal(StandardContext.java:5173)
		at org.apache.catalina.util.LifecycleBase.start(LifecycleBase.java:183)
		at org.apache.catalina.core.ContainerBase.addChildInternal(ContainerBase.java:717)
		at org.apache.catalina.core.ContainerBase.addChild(ContainerBase.java:690)
		at org.apache.catalina.core.StandardHost.addChild(StandardHost.java:706)
		at org.apache.catalina.startup.HostConfig.deployDescriptor(HostConfig.java:631)
		at org.apache.catalina.startup.HostConfig$DeployDescriptor.run(HostConfig.java:1830)
		at java.util.concurrent.Executors$RunnableAdapter.call(Executors.java:511)
		at java.util.concurrent.FutureTask.run(FutureTask.java:266)
		at org.apache.tomcat.util.threads.InlineExecutorService.execute(InlineExecutorService.java:75)
		at java.util.concurrent.AbstractExecutorService.submit(AbstractExecutorService.java:112)
		at org.apache.catalina.startup.HostConfig.deployDescriptors(HostConfig.java:526)
		at org.apache.catalina.startup.HostConfig.deployApps(HostConfig.java:425)
		at org.apache.catalina.startup.HostConfig.start(HostConfig.java:1576)
		at org.apache.catalina.startup.HostConfig.lifecycleEvent(HostConfig.java:309)
		at org.apache.catalina.util.LifecycleBase.fireLifecycleEvent(LifecycleBase.java:123)
		at org.apache.catalina.util.LifecycleBase.setStateInternal(LifecycleBase.java:423)
		at org.apache.catalina.util.LifecycleBase.setState(LifecycleBase.java:366)
		at org.apache.catalina.core.ContainerBase.startInternal(ContainerBase.java:936)
		at org.apache.catalina.core.StandardHost.startInternal(StandardHost.java:843)
		at org.apache.catalina.util.LifecycleBase.start(LifecycleBase.java:183)
		at org.apache.catalina.core.ContainerBase$StartChild.call(ContainerBase.java:1384)
		at org.apache.catalina.core.ContainerBase$StartChild.call(ContainerBase.java:1374)
		at java.util.concurrent.FutureTask.run(FutureTask.java:266)
		at org.apache.tomcat.util.threads.InlineExecutorService.execute(InlineExecutorService.java:75)
		at java.util.concurrent.AbstractExecutorService.submit(AbstractExecutorService.java:134)
		at org.apache.catalina.core.ContainerBase.startInternal(ContainerBase.java:909)
		at org.apache.catalina.core.StandardEngine.startInternal(StandardEngine.java:262)
		at org.apache.catalina.util.LifecycleBase.start(LifecycleBase.java:183)
		at org.apache.catalina.core.StandardService.startInternal(StandardService.java:421)
		at org.apache.catalina.util.LifecycleBase.start(LifecycleBase.java:183)
		at org.apache.catalina.core.StandardServer.startInternal(StandardServer.java:930)
		at org.apache.catalina.util.LifecycleBase.start(LifecycleBase.java:183)
		at org.apache.catalina.startup.Catalina.start(Catalina.java:772)
		at sun.reflect.NativeMethodAccessorImpl.invoke0(Native Method)
		at sun.reflect.NativeMethodAccessorImpl.invoke(NativeMethodAccessorImpl.java:62)
		at sun.reflect.DelegatingMethodAccessorImpl.invoke(DelegatingMethodAccessorImpl.java:43)
		at java.lang.reflect.Method.invoke(Method.java:498)
		at org.apache.catalina.startup.Bootstrap.start(Bootstrap.java:342)
		at org.apache.catalina.startup.Bootstrap.main(Bootstrap.java:473)
	Caused by: org.springframework.beans.factory.UnsatisfiedDependencyException: Error creating bean with name 'projectServiceImpl': Unsatisfied dependency expressed through field 'projectRepo'; nested exception is org.springframework.beans.factory.BeanCreationException: Error creating bean with name 'projectRepoImpl' defined in file [C:\Users\sujat\Desktop\JDBC\xworkz_commonmodule_keerthi\target\classes\com\xworkz\projectapp\repo\ProjectRepoImpl.class]: Instantiation of bean failed; nested exception is java.lang.ExceptionInInitializerError
		at org.springframework.beans.factory.annotation.AutowiredAnnotationBeanPostProcessor$AutowiredFieldElement.resolveFieldValue(AutowiredAnnotationBeanPostProcessor.java:713)
		at org.springframework.beans.factory.annotation.AutowiredAnnotationBeanPostProcessor$AutowiredFieldElement.inject(AutowiredAnnotationBeanPostProcessor.java:693)
		at org.springframework.beans.factory.annotation.InjectionMetadata.inject(InjectionMetadata.java:119)
		at org.springframework.beans.factory.annotation.AutowiredAnnotationBeanPostProcessor.postProcessProperties(AutowiredAnnotationBeanPostProcessor.java:408)
		at org.springframework.beans.factory.support.AbstractAutowireCapableBeanFactory.populateBean(AbstractAutowireCapableBeanFactory.java:1431)
		at org.springframework.beans.factory.support.AbstractAutowireCapableBeanFactory.doCreateBean(AbstractAutowireCapableBeanFactory.java:619)
		at org.springframework.beans.factory.support.AbstractAutowireCapableBeanFactory.createBean(AbstractAutowireCapableBeanFactory.java:542)
		at org.springframework.beans.factory.support.AbstractBeanFactory.lambda$doGetBean$0(AbstractBeanFactory.java:335)
		at org.springframework.beans.factory.support.DefaultSingletonBeanRegistry.getSingleton(DefaultSingletonBeanRegistry.java:234)
		at org.springframework.beans.factory.support.AbstractBeanFactory.doGetBean(AbstractBeanFactory.java:333)
		at org.springframework.beans.factory.support.AbstractBeanFactory.getBean(AbstractBeanFactory.java:208)
		at org.springframework.beans.factory.config.DependencyDescriptor.resolveCandidate(DependencyDescriptor.java:276)
		at org.springframework.beans.factory.support.DefaultListableBeanFactory.doResolveDependency(DefaultListableBeanFactory.java:1391)
		at org.springframework.beans.factory.support.DefaultListableBeanFactory.resolveDependency(DefaultListableBeanFactory.java:1311)
		at org.springframework.beans.factory.annotation.AutowiredAnnotationBeanPostProcessor$AutowiredFieldElement.resolveFieldValue(AutowiredAnnotationBeanPostProcessor.java:710)
		... 61 more
	Caused by: org.springframework.beans.factory.BeanCreationException: Error creating bean with name 'projectRepoImpl' defined in file [C:\Users\sujat\Desktop\JDBC\xworkz_commonmodule_keerthi\target\classes\com\xworkz\projectapp\repo\ProjectRepoImpl.class]: Instantiation of bean failed; nested exception is java.lang.ExceptionInInitializerError
		at org.springframework.beans.factory.support.AbstractAutowireCapableBeanFactory.instantiateBean(AbstractAutowireCapableBeanFactory.java:1334)
		at org.springframework.beans.factory.support.AbstractAutowireCapableBeanFactory.createBeanInstance(AbstractAutowireCapableBeanFactory.java:1232)
		at org.springframework.beans.factory.support.AbstractAutowireCapableBeanFactory.doCreateBean(AbstractAutowireCapableBeanFactory.java:582)
		at org.springframework.beans.factory.support.AbstractAutowireCapableBeanFactory.createBean(AbstractAutowireCapableBeanFactory.java:542)
		at org.springframework.beans.factory.support.AbstractBeanFactory.lambda$doGetBean$0(AbstractBeanFactory.java:335)
		at org.springframework.beans.factory.support.DefaultSingletonBeanRegistry.getSingleton(DefaultSingletonBeanRegistry.java:234)
		at org.springframework.beans.factory.support.AbstractBeanFactory.doGetBean(AbstractBeanFactory.java:333)
		at org.springframework.beans.factory.support.AbstractBeanFactory.getBean(AbstractBeanFactory.java:208)
		at org.springframework.beans.factory.config.DependencyDescriptor.resolveCandidate(DependencyDescriptor.java:276)
		at org.springframework.beans.factory.support.DefaultListableBeanFactory.doResolveDependency(DefaultListableBeanFactory.java:1391)
		at org.springframework.beans.factory.support.DefaultListableBeanFactory.resolveDependency(DefaultListableBeanFactory.java:1311)
		at org.springframework.beans.factory.annotation.AutowiredAnnotationBeanPostProcessor$AutowiredFieldElement.resolveFieldValue(AutowiredAnnotationBeanPostProcessor.java:710)
		... 75 more
	Caused by: java.lang.ExceptionInInitializerError
		at sun.reflect.NativeConstructorAccessorImpl.newInstance0(Native Method)
		at sun.reflect.NativeConstructorAccessorImpl.newInstance(NativeConstructorAccessorImpl.java:62)
		at sun.reflect.DelegatingConstructorAccessorImpl.newInstance(DelegatingConstructorAccessorImpl.java:45)
		at java.lang.reflect.Constructor.newInstance(Constructor.java:423)
		at org.springframework.beans.BeanUtils.instantiateClass(BeanUtils.java:213)
		at org.springframework.beans.factory.support.SimpleInstantiationStrategy.instantiate(SimpleInstantiationStrategy.java:87)
		at org.springframework.beans.factory.support.AbstractAutowireCapableBeanFactory.instantiateBean(AbstractAutowireCapableBeanFactory.java:1326)
		... 86 more
	Caused by: javax.persistence.PersistenceException: [PersistenceUnit: proj] Unable to build Hibernate SessionFactory
		at org.hibernate.jpa.boot.internal.EntityManagerFactoryBuilderImpl.persistenceException(EntityManagerFactoryBuilderImpl.java:1597)
		at org.hibernate.jpa.boot.internal.EntityManagerFactoryBuilderImpl.build(EntityManagerFactoryBuilderImpl.java:1503)
		at org.hibernate.jpa.HibernatePersistenceProvider.createEntityManagerFactory(HibernatePersistenceProvider.java:56)
		at javax.persistence.Persistence.createEntityManagerFactory(Persistence.java:79)
		at javax.persistence.Persistence.createEntityManagerFactory(Persistence.java:54)
		at com.xworkz.projectapp.repo.ProjectRepoImpl.<clinit>(ProjectRepoImpl.java:11)
		... 93 more
	Caused by: org.hibernate.HibernateException: Errors in named queries: 
getByEmail failed because of: org.hibernate.hql.internal.ast.QuerySyntaxException: unexpected token: * near line 1, column 8 [select * from com.xworkz.projectapp.entity.ProjectEntity p where p.email=:email]
		at org.hibernate.internal.SessionFactoryImpl.<init>(SessionFactoryImpl.java:398)
		at org.hibernate.boot.internal.SessionFactoryBuilderImpl.build(SessionFactoryBuilderImpl.java:471)
		at org.hibernate.jpa.boot.internal.EntityManagerFactoryBuilderImpl.build(EntityManagerFactoryBuilderImpl.java:1498)
		... 97 more
17-Mar-2025 10:01:07.486 SEVERE [main] org.apache.catalina.core.StandardContext.loadOnStartup Servlet [dispatcher] in web application [/xworkz_commonmodule_keerthi] threw load() exception
	org.hibernate.HibernateException: Errors in named queries: 
getByEmail failed because of: org.hibernate.hql.internal.ast.QuerySyntaxException: unexpected token: * near line 1, column 8 [select * from com.xworkz.projectapp.entity.ProjectEntity p where p.email=:email]
		at org.hibernate.internal.SessionFactoryImpl.<init>(SessionFactoryImpl.java:398)
		at org.hibernate.boot.internal.SessionFactoryBuilderImpl.build(SessionFactoryBuilderImpl.java:471)
		at org.hibernate.jpa.boot.internal.EntityManagerFactoryBuilderImpl.build(EntityManagerFactoryBuilderImpl.java:1498)
		at org.hibernate.jpa.HibernatePersistenceProvider.createEntityManagerFactory(HibernatePersistenceProvider.java:56)
		at javax.persistence.Persistence.createEntityManagerFactory(Persistence.java:79)
		at javax.persistence.Persistence.createEntityManagerFactory(Persistence.java:54)
		at com.xworkz.projectapp.repo.ProjectRepoImpl.<clinit>(ProjectRepoImpl.java:11)
		at sun.reflect.NativeConstructorAccessorImpl.newInstance0(Native Method)
		at sun.reflect.NativeConstructorAccessorImpl.newInstance(NativeConstructorAccessorImpl.java:62)
		at sun.reflect.DelegatingConstructorAccessorImpl.newInstance(DelegatingConstructorAccessorImpl.java:45)
		at java.lang.reflect.Constructor.newInstance(Constructor.java:423)
		at org.springframework.beans.BeanUtils.instantiateClass(BeanUtils.java:213)
		at org.springframework.beans.factory.support.SimpleInstantiationStrategy.instantiate(SimpleInstantiationStrategy.java:87)
		at org.springframework.beans.factory.support.AbstractAutowireCapableBeanFactory.instantiateBean(AbstractAutowireCapableBeanFactory.java:1326)
		at org.springframework.beans.factory.support.AbstractAutowireCapableBeanFactory.createBeanInstance(AbstractAutowireCapableBeanFactory.java:1232)
		at org.springframework.beans.factory.support.AbstractAutowireCapableBeanFactory.doCreateBean(AbstractAutowireCapableBeanFactory.java:582)
		at org.springframework.beans.factory.support.AbstractAutowireCapableBeanFactory.createBean(AbstractAutowireCapableBeanFactory.java:542)
		at org.springframework.beans.factory.support.AbstractBeanFactory.lambda$doGetBean$0(AbstractBeanFactory.java:335)
		at org.springframework.beans.factory.support.DefaultSingletonBeanRegistry.getSingleton(DefaultSingletonBeanRegistry.java:234)
		at org.springframework.beans.factory.support.AbstractBeanFactory.doGetBean(AbstractBeanFactory.java:333)
		at org.springframework.beans.factory.support.AbstractBeanFactory.getBean(AbstractBeanFactory.java:208)
		at org.springframework.beans.factory.config.DependencyDescriptor.resolveCandidate(DependencyDescriptor.java:276)
		at org.springframework.beans.factory.support.DefaultListableBeanFactory.doResolveDependency(DefaultListableBeanFactory.java:1391)
		at org.springframework.beans.factory.support.DefaultListableBeanFactory.resolveDependency(DefaultListableBeanFactory.java:1311)
		at org.springframework.beans.factory.annotation.AutowiredAnnotationBeanPostProcessor$AutowiredFieldElement.resolveFieldValue(AutowiredAnnotationBeanPostProcessor.java:710)
		at org.springframework.beans.factory.annotation.AutowiredAnnotationBeanPostProcessor$AutowiredFieldElement.inject(AutowiredAnnotationBeanPostProcessor.java:693)
		at org.springframework.beans.factory.annotation.InjectionMetadata.inject(InjectionMetadata.java:119)
		at org.springframework.beans.factory.annotation.AutowiredAnnotationBeanPostProcessor.postProcessProperties(AutowiredAnnotationBeanPostProcessor.java:408)
		at org.springframework.beans.factory.support.AbstractAutowireCapableBeanFactory.populateBean(AbstractAutowireCapableBeanFactory.java:1431)
		at org.springframework.beans.factory.support.AbstractAutowireCapableBeanFactory.doCreateBean(AbstractAutowireCapableBeanFactory.java:619)
		at org.springframework.beans.factory.support.AbstractAutowireCapableBeanFactory.createBean(AbstractAutowireCapableBeanFactory.java:542)
		at org.springframework.beans.factory.support.AbstractBeanFactory.lambda$doGetBean$0(AbstractBeanFactory.java:335)
		at org.springframework.beans.factory.support.DefaultSingletonBeanRegistry.getSingleton(DefaultSingletonBeanRegistry.java:234)
		at org.springframework.beans.factory.support.AbstractBeanFactory.doGetBean(AbstractBeanFactory.java:333)
		at org.springframework.beans.factory.support.AbstractBeanFactory.getBean(AbstractBeanFactory.java:208)
		at org.springframework.beans.factory.config.DependencyDescriptor.resolveCandidate(DependencyDescriptor.java:276)
		at org.springframework.beans.factory.support.DefaultListableBeanFactory.doResolveDependency(DefaultListableBeanFactory.java:1391)
		at org.springframework.beans.factory.support.DefaultListableBeanFactory.resolveDependency(DefaultListableBeanFactory.java:1311)
		at org.springframework.beans.factory.annotation.AutowiredAnnotationBeanPostProcessor$AutowiredFieldElement.resolveFieldValue(AutowiredAnnotationBeanPostProcessor.java:710)
		at org.springframework.beans.factory.annotation.AutowiredAnnotationBeanPostProcessor$AutowiredFieldElement.inject(AutowiredAnnotationBeanPostProcessor.java:693)
		at org.springframework.beans.factory.annotation.InjectionMetadata.inject(InjectionMetadata.java:119)
		at org.springframework.beans.factory.annotation.AutowiredAnnotationBeanPostProcessor.postProcessProperties(AutowiredAnnotationBeanPostProcessor.java:408)
		at org.springframework.beans.factory.support.AbstractAutowireCapableBeanFactory.populateBean(AbstractAutowireCapableBeanFactory.java:1431)
		at org.springframework.beans.factory.support.AbstractAutowireCapableBeanFactory.doCreateBean(AbstractAutowireCapableBeanFactory.java:619)
		at org.springframework.beans.factory.support.AbstractAutowireCapableBeanFactory.createBean(AbstractAutowireCapableBeanFactory.java:542)
		at org.springframework.beans.factory.support.AbstractBeanFactory.lambda$doGetBean$0(AbstractBeanFactory.java:335)
		at org.springframework.beans.factory.support.DefaultSingletonBeanRegistry.getSingleton(DefaultSingletonBeanRegistry.java:234)
		at org.springframework.beans.factory.support.AbstractBeanFactory.doGetBean(AbstractBeanFactory.java:333)
		at org.springframework.beans.factory.support.AbstractBeanFactory.getBean(AbstractBeanFactory.java:208)
		at org.springframework.beans.factory.support.DefaultListableBeanFactory.preInstantiateSingletons(DefaultListableBeanFactory.java:955)
		at org.springframework.context.support.AbstractApplicationContext.finishBeanFactoryInitialization(AbstractApplicationContext.java:929)
		at org.springframework.context.support.AbstractApplicationContext.refresh(AbstractApplicationContext.java:591)
		at org.springframework.web.servlet.FrameworkServlet.configureAndRefreshWebApplicationContext(FrameworkServlet.java:702)
		at org.springframework.web.servlet.FrameworkServlet.initWebApplicationContext(FrameworkServlet.java:578)
		at org.springframework.web.servlet.FrameworkServlet.initServletBean(FrameworkServlet.java:530)
		at org.springframework.web.servlet.HttpServletBean.init(HttpServletBean.java:170)
		at javax.servlet.GenericServlet.init(GenericServlet.java:158)
		at org.apache.catalina.core.StandardWrapper.initServlet(StandardWrapper.java:1134)
		at org.apache.catalina.core.StandardWrapper.load(StandardWrapper.java:986)
		at org.apache.catalina.core.StandardContext.loadOnStartup(StandardContext.java:4864)
		at org.apache.catalina.core.StandardContext.startInternal(StandardContext.java:5173)
		at org.apache.catalina.util.LifecycleBase.start(LifecycleBase.java:183)
		at org.apache.catalina.core.ContainerBase.addChildInternal(ContainerBase.java:717)
		at org.apache.catalina.core.ContainerBase.addChild(ContainerBase.java:690)
		at org.apache.catalina.core.StandardHost.addChild(StandardHost.java:706)
		at org.apache.catalina.startup.HostConfig.deployDescriptor(HostConfig.java:631)
		at org.apache.catalina.startup.HostConfig$DeployDescriptor.run(HostConfig.java:1830)
		at java.util.concurrent.Executors$RunnableAdapter.call(Executors.java:511)
		at java.util.concurrent.FutureTask.run(FutureTask.java:266)
		at org.apache.tomcat.util.threads.InlineExecutorService.execute(InlineExecutorService.java:75)
		at java.util.concurrent.AbstractExecutorService.submit(AbstractExecutorService.java:112)
		at org.apache.catalina.startup.HostConfig.deployDescriptors(HostConfig.java:526)
		at org.apache.catalina.startup.HostConfig.deployApps(HostConfig.java:425)
		at org.apache.catalina.startup.HostConfig.start(HostConfig.java:1576)
		at org.apache.catalina.startup.HostConfig.lifecycleEvent(HostConfig.java:309)
		at org.apache.catalina.util.LifecycleBase.fireLifecycleEvent(LifecycleBase.java:123)
		at org.apache.catalina.util.LifecycleBase.setStateInternal(LifecycleBase.java:423)
		at org.apache.catalina.util.LifecycleBase.setState(LifecycleBase.java:366)
		at org.apache.catalina.core.ContainerBase.startInternal(ContainerBase.java:936)
		at org.apache.catalina.core.StandardHost.startInternal(StandardHost.java:843)
		at org.apache.catalina.util.LifecycleBase.start(LifecycleBase.java:183)
		at org.apache.catalina.core.ContainerBase$StartChild.call(ContainerBase.java:1384)
		at org.apache.catalina.core.ContainerBase$StartChild.call(ContainerBase.java:1374)
		at java.util.concurrent.FutureTask.run(FutureTask.java:266)
		at org.apache.tomcat.util.threads.InlineExecutorService.execute(InlineExecutorService.java:75)
		at java.util.concurrent.AbstractExecutorService.submit(AbstractExecutorService.java:134)
		at org.apache.catalina.core.ContainerBase.startInternal(ContainerBase.java:909)
		at org.apache.catalina.core.StandardEngine.startInternal(StandardEngine.java:262)
		at org.apache.catalina.util.LifecycleBase.start(LifecycleBase.java:183)
		at org.apache.catalina.core.StandardService.startInternal(StandardService.java:421)
		at org.apache.catalina.util.LifecycleBase.start(LifecycleBase.java:183)
		at org.apache.catalina.core.StandardServer.startInternal(StandardServer.java:930)
		at org.apache.catalina.util.LifecycleBase.start(LifecycleBase.java:183)
		at org.apache.catalina.startup.Catalina.start(Catalina.java:772)
		at sun.reflect.NativeMethodAccessorImpl.invoke0(Native Method)
		at sun.reflect.NativeMethodAccessorImpl.invoke(NativeMethodAccessorImpl.java:62)
		at sun.reflect.DelegatingMethodAccessorImpl.invoke(DelegatingMethodAccessorImpl.java:43)
		at java.lang.reflect.Method.invoke(Method.java:498)
		at org.apache.catalina.startup.Bootstrap.start(Bootstrap.java:342)
		at org.apache.catalina.startup.Bootstrap.main(Bootstrap.java:473)
17-Mar-2025 10:02:47.443 INFO [main] org.apache.catalina.core.ApplicationContext.log 1 Spring WebApplicationInitializers detected on classpath
17-Mar-2025 10:02:47.623 INFO [main] org.apache.catalina.core.ApplicationContext.log Initializing Spring DispatcherServlet 'dispatcher'
17-Mar-2025 10:02:54.350 SEVERE [main] org.apache.catalina.core.ApplicationContext.log Servlet.init() for servlet [dispatcher] threw exception
	org.springframework.beans.factory.UnsatisfiedDependencyException: Error creating bean with name 'projectController': Unsatisfied dependency expressed through field 'projectService'; nested exception is org.springframework.beans.factory.UnsatisfiedDependencyException: Error creating bean with name 'projectServiceImpl': Unsatisfied dependency expressed through field 'projectRepo'; nested exception is org.springframework.beans.factory.BeanCreationException: Error creating bean with name 'projectRepoImpl' defined in file [C:\Users\sujat\Desktop\JDBC\xworkz_commonmodule_keerthi\target\classes\com\xworkz\projectapp\repo\ProjectRepoImpl.class]: Instantiation of bean failed; nested exception is java.lang.ExceptionInInitializerError
		at org.springframework.beans.factory.annotation.AutowiredAnnotationBeanPostProcessor$AutowiredFieldElement.resolveFieldValue(AutowiredAnnotationBeanPostProcessor.java:713)
		at org.springframework.beans.factory.annotation.AutowiredAnnotationBeanPostProcessor$AutowiredFieldElement.inject(AutowiredAnnotationBeanPostProcessor.java:693)
		at org.springframework.beans.factory.annotation.InjectionMetadata.inject(InjectionMetadata.java:119)
		at org.springframework.beans.factory.annotation.AutowiredAnnotationBeanPostProcessor.postProcessProperties(AutowiredAnnotationBeanPostProcessor.java:408)
		at org.springframework.beans.factory.support.AbstractAutowireCapableBeanFactory.populateBean(AbstractAutowireCapableBeanFactory.java:1431)
		at org.springframework.beans.factory.support.AbstractAutowireCapableBeanFactory.doCreateBean(AbstractAutowireCapableBeanFactory.java:619)
		at org.springframework.beans.factory.support.AbstractAutowireCapableBeanFactory.createBean(AbstractAutowireCapableBeanFactory.java:542)
		at org.springframework.beans.factory.support.AbstractBeanFactory.lambda$doGetBean$0(AbstractBeanFactory.java:335)
		at org.springframework.beans.factory.support.DefaultSingletonBeanRegistry.getSingleton(DefaultSingletonBeanRegistry.java:234)
		at org.springframework.beans.factory.support.AbstractBeanFactory.doGetBean(AbstractBeanFactory.java:333)
		at org.springframework.beans.factory.support.AbstractBeanFactory.getBean(AbstractBeanFactory.java:208)
		at org.springframework.beans.factory.support.DefaultListableBeanFactory.preInstantiateSingletons(DefaultListableBeanFactory.java:955)
		at org.springframework.context.support.AbstractApplicationContext.finishBeanFactoryInitialization(AbstractApplicationContext.java:929)
		at org.springframework.context.support.AbstractApplicationContext.refresh(AbstractApplicationContext.java:591)
		at org.springframework.web.servlet.FrameworkServlet.configureAndRefreshWebApplicationContext(FrameworkServlet.java:702)
		at org.springframework.web.servlet.FrameworkServlet.initWebApplicationContext(FrameworkServlet.java:578)
		at org.springframework.web.servlet.FrameworkServlet.initServletBean(FrameworkServlet.java:530)
		at org.springframework.web.servlet.HttpServletBean.init(HttpServletBean.java:170)
		at javax.servlet.GenericServlet.init(GenericServlet.java:158)
		at org.apache.catalina.core.StandardWrapper.initServlet(StandardWrapper.java:1134)
		at org.apache.catalina.core.StandardWrapper.load(StandardWrapper.java:986)
		at org.apache.catalina.core.StandardContext.loadOnStartup(StandardContext.java:4864)
		at org.apache.catalina.core.StandardContext.startInternal(StandardContext.java:5173)
		at org.apache.catalina.util.LifecycleBase.start(LifecycleBase.java:183)
		at org.apache.catalina.core.ContainerBase.addChildInternal(ContainerBase.java:717)
		at org.apache.catalina.core.ContainerBase.addChild(ContainerBase.java:690)
		at org.apache.catalina.core.StandardHost.addChild(StandardHost.java:706)
		at org.apache.catalina.startup.HostConfig.deployDescriptor(HostConfig.java:631)
		at org.apache.catalina.startup.HostConfig$DeployDescriptor.run(HostConfig.java:1830)
		at java.util.concurrent.Executors$RunnableAdapter.call(Executors.java:511)
		at java.util.concurrent.FutureTask.run(FutureTask.java:266)
		at org.apache.tomcat.util.threads.InlineExecutorService.execute(InlineExecutorService.java:75)
		at java.util.concurrent.AbstractExecutorService.submit(AbstractExecutorService.java:112)
		at org.apache.catalina.startup.HostConfig.deployDescriptors(HostConfig.java:526)
		at org.apache.catalina.startup.HostConfig.deployApps(HostConfig.java:425)
		at org.apache.catalina.startup.HostConfig.start(HostConfig.java:1576)
		at org.apache.catalina.startup.HostConfig.lifecycleEvent(HostConfig.java:309)
		at org.apache.catalina.util.LifecycleBase.fireLifecycleEvent(LifecycleBase.java:123)
		at org.apache.catalina.util.LifecycleBase.setStateInternal(LifecycleBase.java:423)
		at org.apache.catalina.util.LifecycleBase.setState(LifecycleBase.java:366)
		at org.apache.catalina.core.ContainerBase.startInternal(ContainerBase.java:936)
		at org.apache.catalina.core.StandardHost.startInternal(StandardHost.java:843)
		at org.apache.catalina.util.LifecycleBase.start(LifecycleBase.java:183)
		at org.apache.catalina.core.ContainerBase$StartChild.call(ContainerBase.java:1384)
		at org.apache.catalina.core.ContainerBase$StartChild.call(ContainerBase.java:1374)
		at java.util.concurrent.FutureTask.run(FutureTask.java:266)
		at org.apache.tomcat.util.threads.InlineExecutorService.execute(InlineExecutorService.java:75)
		at java.util.concurrent.AbstractExecutorService.submit(AbstractExecutorService.java:134)
		at org.apache.catalina.core.ContainerBase.startInternal(ContainerBase.java:909)
		at org.apache.catalina.core.StandardEngine.startInternal(StandardEngine.java:262)
		at org.apache.catalina.util.LifecycleBase.start(LifecycleBase.java:183)
		at org.apache.catalina.core.StandardService.startInternal(StandardService.java:421)
		at org.apache.catalina.util.LifecycleBase.start(LifecycleBase.java:183)
		at org.apache.catalina.core.StandardServer.startInternal(StandardServer.java:930)
		at org.apache.catalina.util.LifecycleBase.start(LifecycleBase.java:183)
		at org.apache.catalina.startup.Catalina.start(Catalina.java:772)
		at sun.reflect.NativeMethodAccessorImpl.invoke0(Native Method)
		at sun.reflect.NativeMethodAccessorImpl.invoke(NativeMethodAccessorImpl.java:62)
		at sun.reflect.DelegatingMethodAccessorImpl.invoke(DelegatingMethodAccessorImpl.java:43)
		at java.lang.reflect.Method.invoke(Method.java:498)
		at org.apache.catalina.startup.Bootstrap.start(Bootstrap.java:342)
		at org.apache.catalina.startup.Bootstrap.main(Bootstrap.java:473)
	Caused by: org.springframework.beans.factory.UnsatisfiedDependencyException: Error creating bean with name 'projectServiceImpl': Unsatisfied dependency expressed through field 'projectRepo'; nested exception is org.springframework.beans.factory.BeanCreationException: Error creating bean with name 'projectRepoImpl' defined in file [C:\Users\sujat\Desktop\JDBC\xworkz_commonmodule_keerthi\target\classes\com\xworkz\projectapp\repo\ProjectRepoImpl.class]: Instantiation of bean failed; nested exception is java.lang.ExceptionInInitializerError
		at org.springframework.beans.factory.annotation.AutowiredAnnotationBeanPostProcessor$AutowiredFieldElement.resolveFieldValue(AutowiredAnnotationBeanPostProcessor.java:713)
		at org.springframework.beans.factory.annotation.AutowiredAnnotationBeanPostProcessor$AutowiredFieldElement.inject(AutowiredAnnotationBeanPostProcessor.java:693)
		at org.springframework.beans.factory.annotation.InjectionMetadata.inject(InjectionMetadata.java:119)
		at org.springframework.beans.factory.annotation.AutowiredAnnotationBeanPostProcessor.postProcessProperties(AutowiredAnnotationBeanPostProcessor.java:408)
		at org.springframework.beans.factory.support.AbstractAutowireCapableBeanFactory.populateBean(AbstractAutowireCapableBeanFactory.java:1431)
		at org.springframework.beans.factory.support.AbstractAutowireCapableBeanFactory.doCreateBean(AbstractAutowireCapableBeanFactory.java:619)
		at org.springframework.beans.factory.support.AbstractAutowireCapableBeanFactory.createBean(AbstractAutowireCapableBeanFactory.java:542)
		at org.springframework.beans.factory.support.AbstractBeanFactory.lambda$doGetBean$0(AbstractBeanFactory.java:335)
		at org.springframework.beans.factory.support.DefaultSingletonBeanRegistry.getSingleton(DefaultSingletonBeanRegistry.java:234)
		at org.springframework.beans.factory.support.AbstractBeanFactory.doGetBean(AbstractBeanFactory.java:333)
		at org.springframework.beans.factory.support.AbstractBeanFactory.getBean(AbstractBeanFactory.java:208)
		at org.springframework.beans.factory.config.DependencyDescriptor.resolveCandidate(DependencyDescriptor.java:276)
		at org.springframework.beans.factory.support.DefaultListableBeanFactory.doResolveDependency(DefaultListableBeanFactory.java:1391)
		at org.springframework.beans.factory.support.DefaultListableBeanFactory.resolveDependency(DefaultListableBeanFactory.java:1311)
		at org.springframework.beans.factory.annotation.AutowiredAnnotationBeanPostProcessor$AutowiredFieldElement.resolveFieldValue(AutowiredAnnotationBeanPostProcessor.java:710)
		... 61 more
	Caused by: org.springframework.beans.factory.BeanCreationException: Error creating bean with name 'projectRepoImpl' defined in file [C:\Users\sujat\Desktop\JDBC\xworkz_commonmodule_keerthi\target\classes\com\xworkz\projectapp\repo\ProjectRepoImpl.class]: Instantiation of bean failed; nested exception is java.lang.ExceptionInInitializerError
		at org.springframework.beans.factory.support.AbstractAutowireCapableBeanFactory.instantiateBean(AbstractAutowireCapableBeanFactory.java:1334)
		at org.springframework.beans.factory.support.AbstractAutowireCapableBeanFactory.createBeanInstance(AbstractAutowireCapableBeanFactory.java:1232)
		at org.springframework.beans.factory.support.AbstractAutowireCapableBeanFactory.doCreateBean(AbstractAutowireCapableBeanFactory.java:582)
		at org.springframework.beans.factory.support.AbstractAutowireCapableBeanFactory.createBean(AbstractAutowireCapableBeanFactory.java:542)
		at org.springframework.beans.factory.support.AbstractBeanFactory.lambda$doGetBean$0(AbstractBeanFactory.java:335)
		at org.springframework.beans.factory.support.DefaultSingletonBeanRegistry.getSingleton(DefaultSingletonBeanRegistry.java:234)
		at org.springframework.beans.factory.support.AbstractBeanFactory.doGetBean(AbstractBeanFactory.java:333)
		at org.springframework.beans.factory.support.AbstractBeanFactory.getBean(AbstractBeanFactory.java:208)
		at org.springframework.beans.factory.config.DependencyDescriptor.resolveCandidate(DependencyDescriptor.java:276)
		at org.springframework.beans.factory.support.DefaultListableBeanFactory.doResolveDependency(DefaultListableBeanFactory.java:1391)
		at org.springframework.beans.factory.support.DefaultListableBeanFactory.resolveDependency(DefaultListableBeanFactory.java:1311)
		at org.springframework.beans.factory.annotation.AutowiredAnnotationBeanPostProcessor$AutowiredFieldElement.resolveFieldValue(AutowiredAnnotationBeanPostProcessor.java:710)
		... 75 more
	Caused by: java.lang.ExceptionInInitializerError
		at sun.reflect.NativeConstructorAccessorImpl.newInstance0(Native Method)
		at sun.reflect.NativeConstructorAccessorImpl.newInstance(NativeConstructorAccessorImpl.java:62)
		at sun.reflect.DelegatingConstructorAccessorImpl.newInstance(DelegatingConstructorAccessorImpl.java:45)
		at java.lang.reflect.Constructor.newInstance(Constructor.java:423)
		at org.springframework.beans.BeanUtils.instantiateClass(BeanUtils.java:213)
		at org.springframework.beans.factory.support.SimpleInstantiationStrategy.instantiate(SimpleInstantiationStrategy.java:87)
		at org.springframework.beans.factory.support.AbstractAutowireCapableBeanFactory.instantiateBean(AbstractAutowireCapableBeanFactory.java:1326)
		... 86 more
	Caused by: javax.persistence.PersistenceException: [PersistenceUnit: proj] Unable to build Hibernate SessionFactory
		at org.hibernate.jpa.boot.internal.EntityManagerFactoryBuilderImpl.persistenceException(EntityManagerFactoryBuilderImpl.java:1597)
		at org.hibernate.jpa.boot.internal.EntityManagerFactoryBuilderImpl.build(EntityManagerFactoryBuilderImpl.java:1503)
		at org.hibernate.jpa.HibernatePersistenceProvider.createEntityManagerFactory(HibernatePersistenceProvider.java:56)
		at javax.persistence.Persistence.createEntityManagerFactory(Persistence.java:79)
		at javax.persistence.Persistence.createEntityManagerFactory(Persistence.java:54)
		at com.xworkz.projectapp.repo.ProjectRepoImpl.<clinit>(ProjectRepoImpl.java:11)
		... 93 more
	Caused by: org.hibernate.HibernateException: Errors in named queries: 
getByEmail failed because of: org.hibernate.hql.internal.ast.QuerySyntaxException: unexpected token: * near line 1, column 8 [select * from com.xworkz.projectapp.entity.ProjectEntity p where p.email=:email]
		at org.hibernate.internal.SessionFactoryImpl.<init>(SessionFactoryImpl.java:398)
		at org.hibernate.boot.internal.SessionFactoryBuilderImpl.build(SessionFactoryBuilderImpl.java:471)
		at org.hibernate.jpa.boot.internal.EntityManagerFactoryBuilderImpl.build(EntityManagerFactoryBuilderImpl.java:1498)
		... 97 more
17-Mar-2025 10:02:54.351 SEVERE [main] org.apache.catalina.core.StandardContext.loadOnStartup Servlet [dispatcher] in web application [/xworkz_commonmodule_keerthi] threw load() exception
	org.hibernate.HibernateException: Errors in named queries: 
getByEmail failed because of: org.hibernate.hql.internal.ast.QuerySyntaxException: unexpected token: * near line 1, column 8 [select * from com.xworkz.projectapp.entity.ProjectEntity p where p.email=:email]
		at org.hibernate.internal.SessionFactoryImpl.<init>(SessionFactoryImpl.java:398)
		at org.hibernate.boot.internal.SessionFactoryBuilderImpl.build(SessionFactoryBuilderImpl.java:471)
		at org.hibernate.jpa.boot.internal.EntityManagerFactoryBuilderImpl.build(EntityManagerFactoryBuilderImpl.java:1498)
		at org.hibernate.jpa.HibernatePersistenceProvider.createEntityManagerFactory(HibernatePersistenceProvider.java:56)
		at javax.persistence.Persistence.createEntityManagerFactory(Persistence.java:79)
		at javax.persistence.Persistence.createEntityManagerFactory(Persistence.java:54)
		at com.xworkz.projectapp.repo.ProjectRepoImpl.<clinit>(ProjectRepoImpl.java:11)
		at sun.reflect.NativeConstructorAccessorImpl.newInstance0(Native Method)
		at sun.reflect.NativeConstructorAccessorImpl.newInstance(NativeConstructorAccessorImpl.java:62)
		at sun.reflect.DelegatingConstructorAccessorImpl.newInstance(DelegatingConstructorAccessorImpl.java:45)
		at java.lang.reflect.Constructor.newInstance(Constructor.java:423)
		at org.springframework.beans.BeanUtils.instantiateClass(BeanUtils.java:213)
		at org.springframework.beans.factory.support.SimpleInstantiationStrategy.instantiate(SimpleInstantiationStrategy.java:87)
		at org.springframework.beans.factory.support.AbstractAutowireCapableBeanFactory.instantiateBean(AbstractAutowireCapableBeanFactory.java:1326)
		at org.springframework.beans.factory.support.AbstractAutowireCapableBeanFactory.createBeanInstance(AbstractAutowireCapableBeanFactory.java:1232)
		at org.springframework.beans.factory.support.AbstractAutowireCapableBeanFactory.doCreateBean(AbstractAutowireCapableBeanFactory.java:582)
		at org.springframework.beans.factory.support.AbstractAutowireCapableBeanFactory.createBean(AbstractAutowireCapableBeanFactory.java:542)
		at org.springframework.beans.factory.support.AbstractBeanFactory.lambda$doGetBean$0(AbstractBeanFactory.java:335)
		at org.springframework.beans.factory.support.DefaultSingletonBeanRegistry.getSingleton(DefaultSingletonBeanRegistry.java:234)
		at org.springframework.beans.factory.support.AbstractBeanFactory.doGetBean(AbstractBeanFactory.java:333)
		at org.springframework.beans.factory.support.AbstractBeanFactory.getBean(AbstractBeanFactory.java:208)
		at org.springframework.beans.factory.config.DependencyDescriptor.resolveCandidate(DependencyDescriptor.java:276)
		at org.springframework.beans.factory.support.DefaultListableBeanFactory.doResolveDependency(DefaultListableBeanFactory.java:1391)
		at org.springframework.beans.factory.support.DefaultListableBeanFactory.resolveDependency(DefaultListableBeanFactory.java:1311)
		at org.springframework.beans.factory.annotation.AutowiredAnnotationBeanPostProcessor$AutowiredFieldElement.resolveFieldValue(AutowiredAnnotationBeanPostProcessor.java:710)
		at org.springframework.beans.factory.annotation.AutowiredAnnotationBeanPostProcessor$AutowiredFieldElement.inject(AutowiredAnnotationBeanPostProcessor.java:693)
		at org.springframework.beans.factory.annotation.InjectionMetadata.inject(InjectionMetadata.java:119)
		at org.springframework.beans.factory.annotation.AutowiredAnnotationBeanPostProcessor.postProcessProperties(AutowiredAnnotationBeanPostProcessor.java:408)
		at org.springframework.beans.factory.support.AbstractAutowireCapableBeanFactory.populateBean(AbstractAutowireCapableBeanFactory.java:1431)
		at org.springframework.beans.factory.support.AbstractAutowireCapableBeanFactory.doCreateBean(AbstractAutowireCapableBeanFactory.java:619)
		at org.springframework.beans.factory.support.AbstractAutowireCapableBeanFactory.createBean(AbstractAutowireCapableBeanFactory.java:542)
		at org.springframework.beans.factory.support.AbstractBeanFactory.lambda$doGetBean$0(AbstractBeanFactory.java:335)
		at org.springframework.beans.factory.support.DefaultSingletonBeanRegistry.getSingleton(DefaultSingletonBeanRegistry.java:234)
		at org.springframework.beans.factory.support.AbstractBeanFactory.doGetBean(AbstractBeanFactory.java:333)
		at org.springframework.beans.factory.support.AbstractBeanFactory.getBean(AbstractBeanFactory.java:208)
		at org.springframework.beans.factory.config.DependencyDescriptor.resolveCandidate(DependencyDescriptor.java:276)
		at org.springframework.beans.factory.support.DefaultListableBeanFactory.doResolveDependency(DefaultListableBeanFactory.java:1391)
		at org.springframework.beans.factory.support.DefaultListableBeanFactory.resolveDependency(DefaultListableBeanFactory.java:1311)
		at org.springframework.beans.factory.annotation.AutowiredAnnotationBeanPostProcessor$AutowiredFieldElement.resolveFieldValue(AutowiredAnnotationBeanPostProcessor.java:710)
		at org.springframework.beans.factory.annotation.AutowiredAnnotationBeanPostProcessor$AutowiredFieldElement.inject(AutowiredAnnotationBeanPostProcessor.java:693)
		at org.springframework.beans.factory.annotation.InjectionMetadata.inject(InjectionMetadata.java:119)
		at org.springframework.beans.factory.annotation.AutowiredAnnotationBeanPostProcessor.postProcessProperties(AutowiredAnnotationBeanPostProcessor.java:408)
		at org.springframework.beans.factory.support.AbstractAutowireCapableBeanFactory.populateBean(AbstractAutowireCapableBeanFactory.java:1431)
		at org.springframework.beans.factory.support.AbstractAutowireCapableBeanFactory.doCreateBean(AbstractAutowireCapableBeanFactory.java:619)
		at org.springframework.beans.factory.support.AbstractAutowireCapableBeanFactory.createBean(AbstractAutowireCapableBeanFactory.java:542)
		at org.springframework.beans.factory.support.AbstractBeanFactory.lambda$doGetBean$0(AbstractBeanFactory.java:335)
		at org.springframework.beans.factory.support.DefaultSingletonBeanRegistry.getSingleton(DefaultSingletonBeanRegistry.java:234)
		at org.springframework.beans.factory.support.AbstractBeanFactory.doGetBean(AbstractBeanFactory.java:333)
		at org.springframework.beans.factory.support.AbstractBeanFactory.getBean(AbstractBeanFactory.java:208)
		at org.springframework.beans.factory.support.DefaultListableBeanFactory.preInstantiateSingletons(DefaultListableBeanFactory.java:955)
		at org.springframework.context.support.AbstractApplicationContext.finishBeanFactoryInitialization(AbstractApplicationContext.java:929)
		at org.springframework.context.support.AbstractApplicationContext.refresh(AbstractApplicationContext.java:591)
		at org.springframework.web.servlet.FrameworkServlet.configureAndRefreshWebApplicationContext(FrameworkServlet.java:702)
		at org.springframework.web.servlet.FrameworkServlet.initWebApplicationContext(FrameworkServlet.java:578)
		at org.springframework.web.servlet.FrameworkServlet.initServletBean(FrameworkServlet.java:530)
		at org.springframework.web.servlet.HttpServletBean.init(HttpServletBean.java:170)
		at javax.servlet.GenericServlet.init(GenericServlet.java:158)
		at org.apache.catalina.core.StandardWrapper.initServlet(StandardWrapper.java:1134)
		at org.apache.catalina.core.StandardWrapper.load(StandardWrapper.java:986)
		at org.apache.catalina.core.StandardContext.loadOnStartup(StandardContext.java:4864)
		at org.apache.catalina.core.StandardContext.startInternal(StandardContext.java:5173)
		at org.apache.catalina.util.LifecycleBase.start(LifecycleBase.java:183)
		at org.apache.catalina.core.ContainerBase.addChildInternal(ContainerBase.java:717)
		at org.apache.catalina.core.ContainerBase.addChild(ContainerBase.java:690)
		at org.apache.catalina.core.StandardHost.addChild(StandardHost.java:706)
		at org.apache.catalina.startup.HostConfig.deployDescriptor(HostConfig.java:631)
		at org.apache.catalina.startup.HostConfig$DeployDescriptor.run(HostConfig.java:1830)
		at java.util.concurrent.Executors$RunnableAdapter.call(Executors.java:511)
		at java.util.concurrent.FutureTask.run(FutureTask.java:266)
		at org.apache.tomcat.util.threads.InlineExecutorService.execute(InlineExecutorService.java:75)
		at java.util.concurrent.AbstractExecutorService.submit(AbstractExecutorService.java:112)
		at org.apache.catalina.startup.HostConfig.deployDescriptors(HostConfig.java:526)
		at org.apache.catalina.startup.HostConfig.deployApps(HostConfig.java:425)
		at org.apache.catalina.startup.HostConfig.start(HostConfig.java:1576)
		at org.apache.catalina.startup.HostConfig.lifecycleEvent(HostConfig.java:309)
		at org.apache.catalina.util.LifecycleBase.fireLifecycleEvent(LifecycleBase.java:123)
		at org.apache.catalina.util.LifecycleBase.setStateInternal(LifecycleBase.java:423)
		at org.apache.catalina.util.LifecycleBase.setState(LifecycleBase.java:366)
		at org.apache.catalina.core.ContainerBase.startInternal(ContainerBase.java:936)
		at org.apache.catalina.core.StandardHost.startInternal(StandardHost.java:843)
		at org.apache.catalina.util.LifecycleBase.start(LifecycleBase.java:183)
		at org.apache.catalina.core.ContainerBase$StartChild.call(ContainerBase.java:1384)
		at org.apache.catalina.core.ContainerBase$StartChild.call(ContainerBase.java:1374)
		at java.util.concurrent.FutureTask.run(FutureTask.java:266)
		at org.apache.tomcat.util.threads.InlineExecutorService.execute(InlineExecutorService.java:75)
		at java.util.concurrent.AbstractExecutorService.submit(AbstractExecutorService.java:134)
		at org.apache.catalina.core.ContainerBase.startInternal(ContainerBase.java:909)
		at org.apache.catalina.core.StandardEngine.startInternal(StandardEngine.java:262)
		at org.apache.catalina.util.LifecycleBase.start(LifecycleBase.java:183)
		at org.apache.catalina.core.StandardService.startInternal(StandardService.java:421)
		at org.apache.catalina.util.LifecycleBase.start(LifecycleBase.java:183)
		at org.apache.catalina.core.StandardServer.startInternal(StandardServer.java:930)
		at org.apache.catalina.util.LifecycleBase.start(LifecycleBase.java:183)
		at org.apache.catalina.startup.Catalina.start(Catalina.java:772)
		at sun.reflect.NativeMethodAccessorImpl.invoke0(Native Method)
		at sun.reflect.NativeMethodAccessorImpl.invoke(NativeMethodAccessorImpl.java:62)
		at sun.reflect.DelegatingMethodAccessorImpl.invoke(DelegatingMethodAccessorImpl.java:43)
		at java.lang.reflect.Method.invoke(Method.java:498)
		at org.apache.catalina.startup.Bootstrap.start(Bootstrap.java:342)
		at org.apache.catalina.startup.Bootstrap.main(Bootstrap.java:473)
17-Mar-2025 10:03:25.528 INFO [main] org.apache.catalina.core.ApplicationContext.log 1 Spring WebApplicationInitializers detected on classpath
17-Mar-2025 10:03:25.661 INFO [main] org.apache.catalina.core.ApplicationContext.log Initializing Spring DispatcherServlet 'dispatcher'
17-Mar-2025 10:11:30.002 INFO [Thread-5] org.apache.catalina.core.ApplicationContext.log Destroying Spring FrameworkServlet 'dispatcher'
17-Mar-2025 10:11:42.393 INFO [main] org.apache.catalina.core.ApplicationContext.log 1 Spring WebApplicationInitializers detected on classpath
17-Mar-2025 10:11:42.539 INFO [main] org.apache.catalina.core.ApplicationContext.log Initializing Spring DispatcherServlet 'dispatcher'
17-Mar-2025 10:13:08.745 INFO [Thread-5] org.apache.catalina.core.ApplicationContext.log Destroying Spring FrameworkServlet 'dispatcher'
17-Mar-2025 10:13:15.687 INFO [main] org.apache.catalina.core.ApplicationContext.log 1 Spring WebApplicationInitializers detected on classpath
17-Mar-2025 10:13:15.913 INFO [main] org.apache.catalina.core.ApplicationContext.log Initializing Spring DispatcherServlet 'dispatcher'
17-Mar-2025 10:35:22.244 INFO [Thread-5] org.apache.catalina.core.ApplicationContext.log Destroying Spring FrameworkServlet 'dispatcher'
17-Mar-2025 10:35:34.758 INFO [main] org.apache.catalina.core.ApplicationContext.log 1 Spring WebApplicationInitializers detected on classpath
17-Mar-2025 10:35:35.018 INFO [main] org.apache.catalina.core.ApplicationContext.log Initializing Spring DispatcherServlet 'dispatcher'
17-Mar-2025 10:41:01.158 INFO [Thread-5] org.apache.catalina.core.ApplicationContext.log Destroying Spring FrameworkServlet 'dispatcher'
17-Mar-2025 10:41:19.267 INFO [main] org.apache.catalina.core.ApplicationContext.log 1 Spring WebApplicationInitializers detected on classpath
17-Mar-2025 10:41:19.512 INFO [main] org.apache.catalina.core.ApplicationContext.log Initializing Spring DispatcherServlet 'dispatcher'
17-Mar-2025 10:51:31.044 INFO [Thread-5] org.apache.catalina.core.ApplicationContext.log Destroying Spring FrameworkServlet 'dispatcher'
17-Mar-2025 12:58:17.723 INFO [main] org.apache.catalina.core.ApplicationContext.log 1 Spring WebApplicationInitializers detected on classpath
17-Mar-2025 12:58:17.859 INFO [main] org.apache.catalina.core.ApplicationContext.log Initializing Spring DispatcherServlet 'dispatcher'
17-Mar-2025 12:58:47.756 INFO [main] org.apache.catalina.core.ApplicationContext.log Destroying Spring FrameworkServlet 'dispatcher'
17-Mar-2025 12:58:58.205 INFO [main] org.apache.catalina.core.ApplicationContext.log 1 Spring WebApplicationInitializers detected on classpath
17-Mar-2025 12:58:58.365 INFO [main] org.apache.catalina.core.ApplicationContext.log Initializing Spring DispatcherServlet 'dispatcher'
17-Mar-2025 12:59:55.030 INFO [Thread-5] org.apache.catalina.core.ApplicationContext.log Destroying Spring FrameworkServlet 'dispatcher'
17-Mar-2025 13:00:02.116 INFO [main] org.apache.catalina.core.ApplicationContext.log 1 Spring WebApplicationInitializers detected on classpath
17-Mar-2025 13:00:02.268 INFO [main] org.apache.catalina.core.ApplicationContext.log Initializing Spring DispatcherServlet 'dispatcher'
17-Mar-2025 13:04:15.906 INFO [Thread-5] org.apache.catalina.core.ApplicationContext.log Destroying Spring FrameworkServlet 'dispatcher'
17-Mar-2025 13:04:23.807 INFO [main] org.apache.catalina.core.ApplicationContext.log 1 Spring WebApplicationInitializers detected on classpath
17-Mar-2025 13:04:23.959 INFO [main] org.apache.catalina.core.ApplicationContext.log Initializing Spring DispatcherServlet 'dispatcher'
17-Mar-2025 13:07:17.730 INFO [Thread-5] org.apache.catalina.core.ApplicationContext.log Destroying Spring FrameworkServlet 'dispatcher'
17-Mar-2025 13:07:24.943 INFO [main] org.apache.catalina.core.ApplicationContext.log 1 Spring WebApplicationInitializers detected on classpath
17-Mar-2025 13:07:25.100 INFO [main] org.apache.catalina.core.ApplicationContext.log Initializing Spring DispatcherServlet 'dispatcher'
17-Mar-2025 13:23:41.620 INFO [Thread-5] org.apache.catalina.core.ApplicationContext.log Destroying Spring FrameworkServlet 'dispatcher'
17-Mar-2025 13:23:50.128 INFO [main] org.apache.catalina.core.ApplicationContext.log 1 Spring WebApplicationInitializers detected on classpath
17-Mar-2025 13:23:50.310 INFO [main] org.apache.catalina.core.ApplicationContext.log Initializing Spring DispatcherServlet 'dispatcher'
17-Mar-2025 16:56:29.805 INFO [Thread-5] org.apache.catalina.core.ApplicationContext.log Destroying Spring FrameworkServlet 'dispatcher'
17-Mar-2025 16:56:40.302 INFO [main] org.apache.catalina.core.ApplicationContext.log 1 Spring WebApplicationInitializers detected on classpath
17-Mar-2025 16:56:40.475 INFO [main] org.apache.catalina.core.ApplicationContext.log Initializing Spring DispatcherServlet 'dispatcher'
17-Mar-2025 17:02:38.754 INFO [Thread-5] org.apache.catalina.core.ApplicationContext.log Destroying Spring FrameworkServlet 'dispatcher'
17-Mar-2025 17:02:47.120 INFO [main] org.apache.catalina.core.ApplicationContext.log 1 Spring WebApplicationInitializers detected on classpath
17-Mar-2025 17:02:47.291 INFO [main] org.apache.catalina.core.ApplicationContext.log Initializing Spring DispatcherServlet 'dispatcher'
17-Mar-2025 17:05:46.995 INFO [Thread-5] org.apache.catalina.core.ApplicationContext.log Destroying Spring FrameworkServlet 'dispatcher'
17-Mar-2025 17:05:54.563 INFO [main] org.apache.catalina.core.ApplicationContext.log 1 Spring WebApplicationInitializers detected on classpath
17-Mar-2025 17:05:54.738 INFO [main] org.apache.catalina.core.ApplicationContext.log Initializing Spring DispatcherServlet 'dispatcher'
17-Mar-2025 17:13:57.519 INFO [Thread-5] org.apache.catalina.core.ApplicationContext.log Destroying Spring FrameworkServlet 'dispatcher'
17-Mar-2025 17:14:05.689 INFO [main] org.apache.catalina.core.ApplicationContext.log 1 Spring WebApplicationInitializers detected on classpath
17-Mar-2025 17:14:05.838 INFO [main] org.apache.catalina.core.ApplicationContext.log Initializing Spring DispatcherServlet 'dispatcher'
17-Mar-2025 17:17:18.932 INFO [Thread-5] org.apache.catalina.core.ApplicationContext.log Destroying Spring FrameworkServlet 'dispatcher'
17-Mar-2025 17:17:26.484 INFO [main] org.apache.catalina.core.ApplicationContext.log 1 Spring WebApplicationInitializers detected on classpath
17-Mar-2025 17:17:26.646 INFO [main] org.apache.catalina.core.ApplicationContext.log Initializing Spring DispatcherServlet 'dispatcher'
17-Mar-2025 17:22:33.962 INFO [Thread-5] org.apache.catalina.core.ApplicationContext.log Destroying Spring FrameworkServlet 'dispatcher'
17-Mar-2025 17:22:41.629 INFO [main] org.apache.catalina.core.ApplicationContext.log 1 Spring WebApplicationInitializers detected on classpath
17-Mar-2025 17:22:41.819 INFO [main] org.apache.catalina.core.ApplicationContext.log Initializing Spring DispatcherServlet 'dispatcher'
17-Mar-2025 17:26:34.246 INFO [Thread-5] org.apache.catalina.core.ApplicationContext.log Destroying Spring FrameworkServlet 'dispatcher'
17-Mar-2025 17:26:42.142 INFO [main] org.apache.catalina.core.ApplicationContext.log 1 Spring WebApplicationInitializers detected on classpath
17-Mar-2025 17:26:42.356 INFO [main] org.apache.catalina.core.ApplicationContext.log Initializing Spring DispatcherServlet 'dispatcher'
17-Mar-2025 17:30:04.544 INFO [Thread-5] org.apache.catalina.core.ApplicationContext.log Destroying Spring FrameworkServlet 'dispatcher'
17-Mar-2025 17:30:12.096 INFO [main] org.apache.catalina.core.ApplicationContext.log 1 Spring WebApplicationInitializers detected on classpath
17-Mar-2025 17:30:12.275 INFO [main] org.apache.catalina.core.ApplicationContext.log Initializing Spring DispatcherServlet 'dispatcher'
17-Mar-2025 17:35:26.344 INFO [Thread-5] org.apache.catalina.core.ApplicationContext.log Destroying Spring FrameworkServlet 'dispatcher'
17-Mar-2025 17:35:33.580 INFO [main] org.apache.catalina.core.ApplicationContext.log 1 Spring WebApplicationInitializers detected on classpath
17-Mar-2025 17:35:33.758 INFO [main] org.apache.catalina.core.ApplicationContext.log Initializing Spring DispatcherServlet 'dispatcher'
17-Mar-2025 17:40:18.765 INFO [Thread-5] org.apache.catalina.core.ApplicationContext.log Destroying Spring FrameworkServlet 'dispatcher'
17-Mar-2025 17:40:32.084 INFO [main] org.apache.catalina.core.ApplicationContext.log 1 Spring WebApplicationInitializers detected on classpath
17-Mar-2025 17:40:32.258 INFO [main] org.apache.catalina.core.ApplicationContext.log Initializing Spring DispatcherServlet 'dispatcher'
17-Mar-2025 17:45:09.679 INFO [main] org.apache.catalina.core.ApplicationContext.log Destroying Spring FrameworkServlet 'dispatcher'
17-Mar-2025 17:45:22.293 INFO [main] org.apache.catalina.core.ApplicationContext.log 1 Spring WebApplicationInitializers detected on classpath
17-Mar-2025 17:45:22.472 INFO [main] org.apache.catalina.core.ApplicationContext.log Initializing Spring DispatcherServlet 'dispatcher'
17-Mar-2025 17:48:10.017 INFO [Thread-5] org.apache.catalina.core.ApplicationContext.log Destroying Spring FrameworkServlet 'dispatcher'
17-Mar-2025 18:26:09.011 INFO [main] org.apache.catalina.core.ApplicationContext.log 1 Spring WebApplicationInitializers detected on classpath
17-Mar-2025 18:26:09.149 INFO [main] org.apache.catalina.core.ApplicationContext.log Initializing Spring DispatcherServlet 'dispatcher'
17-Mar-2025 18:30:00.448 INFO [Thread-5] org.apache.catalina.core.ApplicationContext.log Destroying Spring FrameworkServlet 'dispatcher'
17-Mar-2025 18:30:08.771 INFO [main] org.apache.catalina.core.ApplicationContext.log 1 Spring WebApplicationInitializers detected on classpath
17-Mar-2025 18:30:08.946 INFO [main] org.apache.catalina.core.ApplicationContext.log Initializing Spring DispatcherServlet 'dispatcher'
17-Mar-2025 18:33:29.544 INFO [Thread-5] org.apache.catalina.core.ApplicationContext.log Destroying Spring FrameworkServlet 'dispatcher'
17-Mar-2025 18:33:37.464 INFO [main] org.apache.catalina.core.ApplicationContext.log 1 Spring WebApplicationInitializers detected on classpath
17-Mar-2025 18:33:37.651 INFO [main] org.apache.catalina.core.ApplicationContext.log Initializing Spring DispatcherServlet 'dispatcher'
17-Mar-2025 18:47:17.680 INFO [Thread-5] org.apache.catalina.core.ApplicationContext.log Destroying Spring FrameworkServlet 'dispatcher'
17-Mar-2025 18:47:29.552 INFO [main] org.apache.catalina.core.ApplicationContext.log 1 Spring WebApplicationInitializers detected on classpath
17-Mar-2025 18:47:29.713 INFO [main] org.apache.catalina.core.ApplicationContext.log Initializing Spring DispatcherServlet 'dispatcher'
17-Mar-2025 18:50:35.048 INFO [Thread-5] org.apache.catalina.core.ApplicationContext.log Destroying Spring FrameworkServlet 'dispatcher'
17-Mar-2025 18:50:42.119 INFO [main] org.apache.catalina.core.ApplicationContext.log 1 Spring WebApplicationInitializers detected on classpath
17-Mar-2025 18:50:42.289 INFO [main] org.apache.catalina.core.ApplicationContext.log Initializing Spring DispatcherServlet 'dispatcher'
17-Mar-2025 18:54:18.759 INFO [Thread-5] org.apache.catalina.core.ApplicationContext.log Destroying Spring FrameworkServlet 'dispatcher'
17-Mar-2025 18:54:25.580 INFO [main] org.apache.catalina.core.ApplicationContext.log 1 Spring WebApplicationInitializers detected on classpath
17-Mar-2025 18:54:25.734 INFO [main] org.apache.catalina.core.ApplicationContext.log Initializing Spring DispatcherServlet 'dispatcher'
17-Mar-2025 19:02:48.570 INFO [Thread-5] org.apache.catalina.core.ApplicationContext.log Destroying Spring FrameworkServlet 'dispatcher'
17-Mar-2025 19:04:34.122 INFO [main] org.apache.catalina.core.ApplicationContext.log 1 Spring WebApplicationInitializers detected on classpath
17-Mar-2025 19:04:34.291 INFO [main] org.apache.catalina.core.ApplicationContext.log Initializing Spring DispatcherServlet 'dispatcher'
17-Mar-2025 19:12:09.713 INFO [Thread-5] org.apache.catalina.core.ApplicationContext.log Destroying Spring FrameworkServlet 'dispatcher'
17-Mar-2025 19:13:01.530 INFO [main] org.apache.catalina.core.ApplicationContext.log 1 Spring WebApplicationInitializers detected on classpath
17-Mar-2025 19:13:01.686 INFO [main] org.apache.catalina.core.ApplicationContext.log Initializing Spring DispatcherServlet 'dispatcher'
